{"/app/src/format.js": {"path":"/app/src/format.js","statementMap":{"0":{"start":{"line":8,"column":24},"end":{"line":14,"column":1}},"1":{"start":{"line":9,"column":15},"end":{"line":9,"column":39}},"2":{"start":{"line":10,"column":2},"end":{"line":10,"column":null}},"3":{"start":{"line":10,"column":30},"end":{"line":10,"column":null}},"4":{"start":{"line":11,"column":2},"end":{"line":11,"column":null}},"5":{"start":{"line":11,"column":31},"end":{"line":11,"column":null}},"6":{"start":{"line":12,"column":2},"end":{"line":12,"column":null}},"7":{"start":{"line":12,"column":31},"end":{"line":12,"column":null}},"8":{"start":{"line":13,"column":2},"end":{"line":13,"column":null}},"9":{"start":{"line":21,"column":21},"end":{"line":26,"column":1}},"10":{"start":{"line":22,"column":2},"end":{"line":22,"column":null}},"11":{"start":{"line":22,"column":19},"end":{"line":22,"column":null}},"12":{"start":{"line":23,"column":2},"end":{"line":23,"column":null}},"13":{"start":{"line":23,"column":19},"end":{"line":23,"column":null}},"14":{"start":{"line":24,"column":2},"end":{"line":24,"column":null}},"15":{"start":{"line":24,"column":19},"end":{"line":24,"column":null}},"16":{"start":{"line":25,"column":2},"end":{"line":25,"column":null}},"17":{"start":{"line":33,"column":22},"end":{"line":41,"column":1}},"18":{"start":{"line":34,"column":14},"end":{"line":34,"column":40}},"19":{"start":{"line":35,"column":14},"end":{"line":35,"column":47}},"20":{"start":{"line":36,"column":14},"end":{"line":36,"column":47}},"21":{"start":{"line":38,"column":2},"end":{"line":40,"column":null}},"22":{"start":{"line":39,"column":16},"end":{"line":39,"column":42}},"23":{"start":{"line":48,"column":28},"end":{"line":48,"column":78}},"24":{"start":{"line":48,"column":40},"end":{"line":48,"column":78}},"25":{"start":{"line":57,"column":2},"end":{"line":57,"column":null}},"26":{"start":{"line":57,"column":18},"end":{"line":57,"column":null}},"27":{"start":{"line":59,"column":14},"end":{"line":59,"column":15}},"28":{"start":{"line":60,"column":13},"end":{"line":60,"column":22}},"29":{"start":{"line":61,"column":16},"end":{"line":79,"column":3}},"30":{"start":{"line":81,"column":2},"end":{"line":84,"column":null}},"31":{"start":{"line":82,"column":4},"end":{"line":82,"column":null}},"32":{"start":{"line":83,"column":4},"end":{"line":83,"column":null}},"33":{"start":{"line":86,"column":2},"end":{"line":89,"column":null}},"34":{"start":{"line":87,"column":4},"end":{"line":87,"column":null}},"35":{"start":{"line":88,"column":4},"end":{"line":88,"column":null}},"36":{"start":{"line":91,"column":2},"end":{"line":91,"column":null}},"37":{"start":{"line":101,"column":26},"end":{"line":113,"column":1}},"38":{"start":{"line":102,"column":15},"end":{"line":102,"column":36}},"39":{"start":{"line":103,"column":2},"end":{"line":112,"column":null}},"40":{"start":{"line":120,"column":28},"end":{"line":127,"column":1}},"41":{"start":{"line":121,"column":17},"end":{"line":121,"column":39}},"42":{"start":{"line":122,"column":18},"end":{"line":122,"column":50}},"43":{"start":{"line":123,"column":18},"end":{"line":123,"column":57}},"44":{"start":{"line":124,"column":16},"end":{"line":124,"column":60}},"45":{"start":{"line":125,"column":15},"end":{"line":125,"column":57}},"46":{"start":{"line":126,"column":2},"end":{"line":126,"column":null}},"47":{"start":{"line":135,"column":2},"end":{"line":135,"column":null}},"48":{"start":{"line":135,"column":22},"end":{"line":135,"column":null}},"49":{"start":{"line":137,"column":19},"end":{"line":137,"column":38}},"50":{"start":{"line":138,"column":25},"end":{"line":138,"column":50}},"51":{"start":{"line":140,"column":16},"end":{"line":140,"column":18}},"52":{"start":{"line":142,"column":2},"end":{"line":142,"column":null}},"53":{"start":{"line":142,"column":28},"end":{"line":142,"column":null}},"54":{"start":{"line":143,"column":2},"end":{"line":143,"column":null}},"55":{"start":{"line":143,"column":29},"end":{"line":143,"column":null}},"56":{"start":{"line":144,"column":2},"end":{"line":144,"column":null}},"57":{"start":{"line":144,"column":28},"end":{"line":144,"column":null}},"58":{"start":{"line":145,"column":2},"end":{"line":145,"column":null}},"59":{"start":{"line":145,"column":27},"end":{"line":145,"column":null}},"60":{"start":{"line":146,"column":2},"end":{"line":146,"column":null}},"61":{"start":{"line":146,"column":28},"end":{"line":146,"column":null}},"62":{"start":{"line":147,"column":2},"end":{"line":147,"column":null}},"63":{"start":{"line":147,"column":30},"end":{"line":147,"column":null}},"64":{"start":{"line":148,"column":2},"end":{"line":148,"column":null}},"65":{"start":{"line":148,"column":30},"end":{"line":148,"column":null}},"66":{"start":{"line":150,"column":2},"end":{"line":151,"column":null}},"67":{"start":{"line":151,"column":4},"end":{"line":151,"column":null}},"68":{"start":{"line":153,"column":2},"end":{"line":153,"column":null}}},"fnMap":{"0":{"name":"(anonymous_0)","decl":{"start":{"line":8,"column":24},"end":{"line":8,"column":25}},"loc":{"start":{"line":8,"column":46},"end":{"line":14,"column":1}},"line":8},"1":{"name":"(anonymous_1)","decl":{"start":{"line":21,"column":21},"end":{"line":21,"column":22}},"loc":{"start":{"line":21,"column":32},"end":{"line":26,"column":1}},"line":21},"2":{"name":"(anonymous_2)","decl":{"start":{"line":33,"column":22},"end":{"line":33,"column":23}},"loc":{"start":{"line":33,"column":30},"end":{"line":41,"column":1}},"line":33},"3":{"name":"(anonymous_3)","decl":{"start":{"line":39,"column":9},"end":{"line":39,"column":10}},"loc":{"start":{"line":39,"column":16},"end":{"line":39,"column":42}},"line":39},"4":{"name":"(anonymous_4)","decl":{"start":{"line":48,"column":28},"end":{"line":48,"column":29}},"loc":{"start":{"line":48,"column":40},"end":{"line":48,"column":78}},"line":48},"5":{"name":"formatSize","decl":{"start":{"line":56,"column":16},"end":{"line":56,"column":26}},"loc":{"start":{"line":56,"column":61},"end":{"line":92,"column":null}},"line":56},"6":{"name":"(anonymous_6)","decl":{"start":{"line":101,"column":26},"end":{"line":101,"column":27}},"loc":{"start":{"line":101,"column":75},"end":{"line":113,"column":1}},"line":101},"7":{"name":"(anonymous_7)","decl":{"start":{"line":120,"column":28},"end":{"line":120,"column":29}},"loc":{"start":{"line":120,"column":43},"end":{"line":127,"column":1}},"line":120},"8":{"name":"convertMsToDuration","decl":{"start":{"line":134,"column":16},"end":{"line":134,"column":35}},"loc":{"start":{"line":134,"column":40},"end":{"line":154,"column":null}},"line":134}},"branchMap":{"0":{"loc":{"start":{"line":8,"column":25},"end":{"line":8,"column":41}},"type":"default-arg","locations":[{"start":{"line":8,"column":31},"end":{"line":8,"column":41}}],"line":8},"1":{"loc":{"start":{"line":10,"column":2},"end":{"line":10,"column":null}},"type":"if","locations":[{"start":{"line":10,"column":2},"end":{"line":10,"column":null}},{"start":{},"end":{}}],"line":10},"2":{"loc":{"start":{"line":10,"column":6},"end":{"line":10,"column":28}},"type":"binary-expr","locations":[{"start":{"line":10,"column":6},"end":{"line":10,"column":15}},{"start":{"line":10,"column":19},"end":{"line":10,"column":28}}],"line":10},"3":{"loc":{"start":{"line":11,"column":2},"end":{"line":11,"column":null}},"type":"if","locations":[{"start":{"line":11,"column":2},"end":{"line":11,"column":null}},{"start":{},"end":{}}],"line":11},"4":{"loc":{"start":{"line":11,"column":6},"end":{"line":11,"column":29}},"type":"binary-expr","locations":[{"start":{"line":11,"column":6},"end":{"line":11,"column":16}},{"start":{"line":11,"column":20},"end":{"line":11,"column":29}}],"line":11},"5":{"loc":{"start":{"line":12,"column":2},"end":{"line":12,"column":null}},"type":"if","locations":[{"start":{"line":12,"column":2},"end":{"line":12,"column":null}},{"start":{},"end":{}}],"line":12},"6":{"loc":{"start":{"line":12,"column":6},"end":{"line":12,"column":29}},"type":"binary-expr","locations":[{"start":{"line":12,"column":6},"end":{"line":12,"column":16}},{"start":{"line":12,"column":20},"end":{"line":12,"column":29}}],"line":12},"7":{"loc":{"start":{"line":22,"column":2},"end":{"line":22,"column":null}},"type":"if","locations":[{"start":{"line":22,"column":2},"end":{"line":22,"column":null}},{"start":{},"end":{}}],"line":22},"8":{"loc":{"start":{"line":23,"column":2},"end":{"line":23,"column":null}},"type":"if","locations":[{"start":{"line":23,"column":2},"end":{"line":23,"column":null}},{"start":{},"end":{}}],"line":23},"9":{"loc":{"start":{"line":24,"column":2},"end":{"line":24,"column":null}},"type":"if","locations":[{"start":{"line":24,"column":2},"end":{"line":24,"column":null}},{"start":{},"end":{}}],"line":24},"10":{"loc":{"start":{"line":56,"column":38},"end":{"line":56,"column":59}},"type":"default-arg","locations":[{"start":{"line":56,"column":54},"end":{"line":56,"column":59}}],"line":56},"11":{"loc":{"start":{"line":57,"column":2},"end":{"line":57,"column":null}},"type":"if","locations":[{"start":{"line":57,"column":2},"end":{"line":57,"column":null}},{"start":{},"end":{}}],"line":57},"12":{"loc":{"start":{"line":57,"column":36},"end":{"line":57,"column":61}},"type":"cond-expr","locations":[{"start":{"line":57,"column":52},"end":{"line":57,"column":56}},{"start":{"line":57,"column":59},"end":{"line":57,"column":61}}],"line":57},"13":{"loc":{"start":{"line":81,"column":9},"end":{"line":81,"column":30}},"type":"binary-expr","locations":[{"start":{"line":81,"column":9},"end":{"line":81,"column":17}},{"start":{"line":81,"column":21},"end":{"line":81,"column":30}}],"line":81},"14":{"loc":{"start":{"line":86,"column":9},"end":{"line":86,"column":49}},"type":"binary-expr","locations":[{"start":{"line":86,"column":9},"end":{"line":86,"column":21}},{"start":{"line":86,"column":25},"end":{"line":86,"column":49}}],"line":86},"15":{"loc":{"start":{"line":91,"column":46},"end":{"line":91,"column":71}},"type":"cond-expr","locations":[{"start":{"line":91,"column":62},"end":{"line":91,"column":66}},{"start":{"line":91,"column":69},"end":{"line":91,"column":71}}],"line":91},"16":{"loc":{"start":{"line":101,"column":40},"end":{"line":101,"column":56}},"type":"default-arg","locations":[{"start":{"line":101,"column":49},"end":{"line":101,"column":56}}],"line":101},"17":{"loc":{"start":{"line":101,"column":58},"end":{"line":101,"column":70}},"type":"default-arg","locations":[{"start":{"line":101,"column":68},"end":{"line":101,"column":70}}],"line":101},"18":{"loc":{"start":{"line":135,"column":2},"end":{"line":135,"column":null}},"type":"if","locations":[{"start":{"line":135,"column":2},"end":{"line":135,"column":null}},{"start":{},"end":{}}],"line":135},"19":{"loc":{"start":{"line":135,"column":6},"end":{"line":135,"column":20}},"type":"binary-expr","locations":[{"start":{"line":135,"column":6},"end":{"line":135,"column":9}},{"start":{"line":135,"column":13},"end":{"line":135,"column":20}}],"line":135},"20":{"loc":{"start":{"line":142,"column":2},"end":{"line":142,"column":null}},"type":"if","locations":[{"start":{"line":142,"column":2},"end":{"line":142,"column":null}},{"start":{},"end":{}}],"line":142},"21":{"loc":{"start":{"line":143,"column":2},"end":{"line":143,"column":null}},"type":"if","locations":[{"start":{"line":143,"column":2},"end":{"line":143,"column":null}},{"start":{},"end":{}}],"line":143},"22":{"loc":{"start":{"line":144,"column":2},"end":{"line":144,"column":null}},"type":"if","locations":[{"start":{"line":144,"column":2},"end":{"line":144,"column":null}},{"start":{},"end":{}}],"line":144},"23":{"loc":{"start":{"line":145,"column":2},"end":{"line":145,"column":null}},"type":"if","locations":[{"start":{"line":145,"column":2},"end":{"line":145,"column":null}},{"start":{},"end":{}}],"line":145},"24":{"loc":{"start":{"line":146,"column":2},"end":{"line":146,"column":null}},"type":"if","locations":[{"start":{"line":146,"column":2},"end":{"line":146,"column":null}},{"start":{},"end":{}}],"line":146},"25":{"loc":{"start":{"line":147,"column":2},"end":{"line":147,"column":null}},"type":"if","locations":[{"start":{"line":147,"column":2},"end":{"line":147,"column":null}},{"start":{},"end":{}}],"line":147},"26":{"loc":{"start":{"line":148,"column":2},"end":{"line":148,"column":null}},"type":"if","locations":[{"start":{"line":148,"column":2},"end":{"line":148,"column":null}},{"start":{},"end":{}}],"line":148},"27":{"loc":{"start":{"line":150,"column":2},"end":{"line":151,"column":null}},"type":"if","locations":[{"start":{"line":150,"column":2},"end":{"line":151,"column":null}},{"start":{},"end":{}}],"line":150},"28":{"loc":{"start":{"line":150,"column":6},"end":{"line":150,"column":52}},"type":"binary-expr","locations":[{"start":{"line":150,"column":6},"end":{"line":150,"column":21}},{"start":{"line":150,"column":25},"end":{"line":150,"column":52}}],"line":150},"29":{"loc":{"start":{"line":153,"column":9},"end":{"line":153,"column":37}},"type":"binary-expr","locations":[{"start":{"line":153,"column":9},"end":{"line":153,"column":24}},{"start":{"line":153,"column":28},"end":{"line":153,"column":37}}],"line":153}},"s":{"0":1,"1":4,"2":4,"3":1,"4":3,"5":1,"6":2,"7":1,"8":1,"9":1,"10":4,"11":1,"12":3,"13":1,"14":2,"15":2,"16":1,"17":1,"18":1,"19":1,"20":1,"21":1,"22":3,"23":1,"24":1,"25":4,"26":1,"27":3,"28":3,"29":3,"30":3,"31":0,"32":0,"33":3,"34":11,"35":11,"36":3,"37":1,"38":1,"39":1,"40":1,"41":1,"42":1,"43":1,"44":1,"45":1,"46":1,"47":4,"48":1,"49":3,"50":3,"51":3,"52":3,"53":0,"54":3,"55":3,"56":3,"57":3,"58":3,"59":3,"60":3,"61":3,"62":3,"63":3,"64":3,"65":3,"66":3,"67":1,"68":3},"f":{"0":4,"1":4,"2":1,"3":3,"4":1,"5":4,"6":1,"7":1,"8":4},"b":{"0":[4],"1":[1,3],"2":[4,4],"3":[1,2],"4":[3,3],"5":[1,1],"6":[2,2],"7":[1,3],"8":[1,2],"9":[1,1],"10":[4],"11":[1,3],"12":[0,1],"13":[3,0],"14":[3,12],"15":[0,3],"16":[1],"17":[1],"18":[1,3],"19":[4,3],"20":[0,3],"21":[1,2],"22":[1,2],"23":[1,2],"24":[0,3],"25":[0,3],"26":[1,2],"27":[1,2],"28":[3,1],"29":[3,0]},"meta":{"lastBranch":30,"lastFunction":9,"lastStatement":69,"seen":{"s:8:24:14:1":0,"f:8:24:8:25":0,"b:8:31:8:41":0,"s:9:15:9:39":1,"b:10:2:10:Infinity:undefined:undefined:undefined:undefined":1,"s:10:2:10:Infinity":2,"b:10:6:10:15:10:19:10:28":2,"s:10:30:10:Infinity":3,"b:11:2:11:Infinity:undefined:undefined:undefined:undefined":3,"s:11:2:11:Infinity":4,"b:11:6:11:16:11:20:11:29":4,"s:11:31:11:Infinity":5,"b:12:2:12:Infinity:undefined:undefined:undefined:undefined":5,"s:12:2:12:Infinity":6,"b:12:6:12:16:12:20:12:29":6,"s:12:31:12:Infinity":7,"s:13:2:13:Infinity":8,"s:21:21:26:1":9,"f:21:21:21:22":1,"b:22:2:22:Infinity:undefined:undefined:undefined:undefined":7,"s:22:2:22:Infinity":10,"s:22:19:22:Infinity":11,"b:23:2:23:Infinity:undefined:undefined:undefined:undefined":8,"s:23:2:23:Infinity":12,"s:23:19:23:Infinity":13,"b:24:2:24:Infinity:undefined:undefined:undefined:undefined":9,"s:24:2:24:Infinity":14,"s:24:19:24:Infinity":15,"s:25:2:25:Infinity":16,"s:33:22:41:1":17,"f:33:22:33:23":2,"s:34:14:34:40":18,"s:35:14:35:47":19,"s:36:14:36:47":20,"s:38:2:40:Infinity":21,"f:39:9:39:10":3,"s:39:16:39:42":22,"s:48:28:48:78":23,"f:48:28:48:29":4,"s:48:40:48:78":24,"f:56:16:56:26":5,"b:56:54:56:59":10,"b:57:2:57:Infinity:undefined:undefined:undefined:undefined":11,"s:57:2:57:Infinity":25,"s:57:18:57:Infinity":26,"b:57:52:57:56:57:59:57:61":12,"s:59:14:59:15":27,"s:60:13:60:22":28,"s:61:16:79:3":29,"s:81:2:84:Infinity":30,"b:81:9:81:17:81:21:81:30":13,"s:82:4:82:Infinity":31,"s:83:4:83:Infinity":32,"s:86:2:89:Infinity":33,"b:86:9:86:21:86:25:86:49":14,"s:87:4:87:Infinity":34,"s:88:4:88:Infinity":35,"s:91:2:91:Infinity":36,"b:91:62:91:66:91:69:91:71":15,"s:101:26:113:1":37,"f:101:26:101:27":6,"b:101:49:101:56":16,"b:101:68:101:70":17,"s:102:15:102:36":38,"s:103:2:112:Infinity":39,"s:120:28:127:1":40,"f:120:28:120:29":7,"s:121:17:121:39":41,"s:122:18:122:50":42,"s:123:18:123:57":43,"s:124:16:124:60":44,"s:125:15:125:57":45,"s:126:2:126:Infinity":46,"f:134:16:134:35":8,"b:135:2:135:Infinity:undefined:undefined:undefined:undefined":18,"s:135:2:135:Infinity":47,"b:135:6:135:9:135:13:135:20":19,"s:135:22:135:Infinity":48,"s:137:19:137:38":49,"s:138:25:138:50":50,"s:140:16:140:18":51,"b:142:2:142:Infinity:undefined:undefined:undefined:undefined":20,"s:142:2:142:Infinity":52,"s:142:28:142:Infinity":53,"b:143:2:143:Infinity:undefined:undefined:undefined:undefined":21,"s:143:2:143:Infinity":54,"s:143:29:143:Infinity":55,"b:144:2:144:Infinity:undefined:undefined:undefined:undefined":22,"s:144:2:144:Infinity":56,"s:144:28:144:Infinity":57,"b:145:2:145:Infinity:undefined:undefined:undefined:undefined":23,"s:145:2:145:Infinity":58,"s:145:27:145:Infinity":59,"b:146:2:146:Infinity:undefined:undefined:undefined:undefined":24,"s:146:2:146:Infinity":60,"s:146:28:146:Infinity":61,"b:147:2:147:Infinity:undefined:undefined:undefined:undefined":25,"s:147:2:147:Infinity":62,"s:147:30:147:Infinity":63,"b:148:2:148:Infinity:undefined:undefined:undefined:undefined":26,"s:148:2:148:Infinity":64,"s:148:30:148:Infinity":65,"b:150:2:151:Infinity:undefined:undefined:undefined:undefined":27,"s:150:2:151:Infinity":66,"b:150:6:150:21:150:25:150:52":28,"s:151:4:151:Infinity":67,"s:153:2:153:Infinity":68,"b:153:9:153:24:153:28:153:37":29}}}
,"/app/src/index.js": {"path":"/app/src/index.js","statementMap":{"0":{"start":{"line":12,"column":2},"end":{"line":12,"column":null}},"1":{"start":{"line":12,"column":11},"end":{"line":12,"column":null}},"2":{"start":{"line":14,"column":13},"end":{"line":14,"column":14}},"3":{"start":{"line":15,"column":2},"end":{"line":18,"column":null}},"4":{"start":{"line":15,"column":15},"end":{"line":15,"column":16}},"5":{"start":{"line":16,"column":21},"end":{"line":16,"column":37}},"6":{"start":{"line":17,"column":4},"end":{"line":17,"column":null}},"7":{"start":{"line":20,"column":21},"end":{"line":20,"column":79}},"8":{"start":{"line":21,"column":12},"end":{"line":21,"column":72}},"9":{"start":{"line":22,"column":2},"end":{"line":22,"column":null}},"10":{"start":{"line":31,"column":2},"end":{"line":31,"column":null}},"11":{"start":{"line":31,"column":53},"end":{"line":31,"column":null}},"12":{"start":{"line":32,"column":2},"end":{"line":32,"column":null}},"13":{"start":{"line":41,"column":2},"end":{"line":41,"column":null}},"14":{"start":{"line":41,"column":11},"end":{"line":41,"column":null}},"15":{"start":{"line":42,"column":2},"end":{"line":42,"column":null}},"16":{"start":{"line":42,"column":30},"end":{"line":42,"column":49}}},"fnMap":{"0":{"name":"generateUID","decl":{"start":{"line":11,"column":16},"end":{"line":11,"column":27}},"loc":{"start":{"line":11,"column":32},"end":{"line":23,"column":null}},"line":11},"1":{"name":"getRandomElement","decl":{"start":{"line":30,"column":16},"end":{"line":30,"column":32}},"loc":{"start":{"line":30,"column":40},"end":{"line":33,"column":null}},"line":30},"2":{"name":"delay","decl":{"start":{"line":40,"column":16},"end":{"line":40,"column":21}},"loc":{"start":{"line":40,"column":26},"end":{"line":43,"column":null}},"line":40},"3":{"name":"(anonymous_3)","decl":{"start":{"line":42,"column":21},"end":{"line":42,"column":22}},"loc":{"start":{"line":42,"column":30},"end":{"line":42,"column":49}},"line":42}},"branchMap":{"0":{"loc":{"start":{"line":12,"column":2},"end":{"line":12,"column":null}},"type":"if","locations":[{"start":{"line":12,"column":2},"end":{"line":12,"column":null}},{"start":{},"end":{}}],"line":12},"1":{"loc":{"start":{"line":31,"column":2},"end":{"line":31,"column":null}},"type":"if","locations":[{"start":{"line":31,"column":2},"end":{"line":31,"column":null}},{"start":{},"end":{}}],"line":31},"2":{"loc":{"start":{"line":31,"column":6},"end":{"line":31,"column":51}},"type":"binary-expr","locations":[{"start":{"line":31,"column":6},"end":{"line":31,"column":12}},{"start":{"line":31,"column":16},"end":{"line":31,"column":29}},{"start":{"line":31,"column":33},"end":{"line":31,"column":51}}],"line":31},"3":{"loc":{"start":{"line":41,"column":2},"end":{"line":41,"column":null}},"type":"if","locations":[{"start":{"line":41,"column":2},"end":{"line":41,"column":null}},{"start":{},"end":{}}],"line":41}},"s":{"0":3,"1":2,"2":1,"3":1,"4":1,"5":4,"6":4,"7":1,"8":1,"9":1,"10":2,"11":1,"12":1,"13":2,"14":1,"15":1,"16":1},"f":{"0":3,"1":2,"2":2,"3":1},"b":{"0":[2,1],"1":[1,1],"2":[2,2,1],"3":[1,1]},"meta":{"lastBranch":4,"lastFunction":4,"lastStatement":17,"seen":{"f:11:16:11:27":0,"b:12:2:12:Infinity:undefined:undefined:undefined:undefined":0,"s:12:2:12:Infinity":0,"s:12:11:12:Infinity":1,"s:14:13:14:14":2,"s:15:2:18:Infinity":3,"s:15:15:15:16":4,"s:16:21:16:37":5,"s:17:4:17:Infinity":6,"s:20:21:20:79":7,"s:21:12:21:72":8,"s:22:2:22:Infinity":9,"f:30:16:30:32":1,"b:31:2:31:Infinity:undefined:undefined:undefined:undefined":1,"s:31:2:31:Infinity":10,"b:31:6:31:12:31:16:31:29:31:33:31:51":2,"s:31:53:31:Infinity":11,"s:32:2:32:Infinity":12,"f:40:16:40:21":2,"b:41:2:41:Infinity:undefined:undefined:undefined:undefined":3,"s:41:2:41:Infinity":13,"s:41:11:41:Infinity":14,"s:42:2:42:Infinity":15,"f:42:21:42:22":3,"s:42:30:42:49":16}}}
,"/app/src/string.js": {"path":"/app/src/string.js","statementMap":{"0":{"start":{"line":8,"column":27},"end":{"line":34,"column":1}},"1":{"start":{"line":9,"column":2},"end":{"line":9,"column":null}},"2":{"start":{"line":9,"column":23},"end":{"line":9,"column":null}},"3":{"start":{"line":10,"column":2},"end":{"line":10,"column":null}},"4":{"start":{"line":10,"column":21},"end":{"line":10,"column":null}},"5":{"start":{"line":11,"column":2},"end":{"line":11,"column":null}},"6":{"start":{"line":11,"column":21},"end":{"line":11,"column":null}},"7":{"start":{"line":13,"column":13},"end":{"line":13,"column":40}},"8":{"start":{"line":14,"column":13},"end":{"line":14,"column":40}},"9":{"start":{"line":16,"column":2},"end":{"line":16,"column":null}},"10":{"start":{"line":16,"column":15},"end":{"line":16,"column":16}},"11":{"start":{"line":16,"column":42},"end":{"line":16,"column":null}},"12":{"start":{"line":18,"column":2},"end":{"line":31,"column":null}},"13":{"start":{"line":18,"column":15},"end":{"line":18,"column":16}},"14":{"start":{"line":19,"column":4},"end":{"line":19,"column":null}},"15":{"start":{"line":20,"column":17},"end":{"line":20,"column":22}},"16":{"start":{"line":22,"column":4},"end":{"line":26,"column":null}},"17":{"start":{"line":22,"column":17},"end":{"line":22,"column":18}},"18":{"start":{"line":23,"column":19},"end":{"line":23,"column":48}},"19":{"start":{"line":24,"column":6},"end":{"line":24,"column":null}},"20":{"start":{"line":25,"column":6},"end":{"line":25,"column":null}},"21":{"start":{"line":28,"column":4},"end":{"line":28,"column":null}},"22":{"start":{"line":28,"column":30},"end":{"line":28,"column":null}},"23":{"start":{"line":30,"column":4},"end":{"line":30,"column":null}},"24":{"start":{"line":30,"column":17},"end":{"line":30,"column":18}},"25":{"start":{"line":30,"column":44},"end":{"line":30,"column":null}},"26":{"start":{"line":33,"column":2},"end":{"line":33,"column":null}},"27":{"start":{"line":43,"column":34},"end":{"line":55,"column":1}},"28":{"start":{"line":44,"column":16},"end":{"line":44,"column":56}},"29":{"start":{"line":45,"column":2},"end":{"line":45,"column":null}},"30":{"start":{"line":45,"column":14},"end":{"line":45,"column":null}},"31":{"start":{"line":47,"column":2},"end":{"line":54,"column":null}},"32":{"start":{"line":48,"column":23},"end":{"line":51,"column":5}},"33":{"start":{"line":52,"column":20},"end":{"line":52,"column":43}},"34":{"start":{"line":54,"column":19},"end":{"line":54,"column":31}},"35":{"start":{"line":62,"column":26},"end":{"line":71,"column":1}},"36":{"start":{"line":63,"column":2},"end":{"line":63,"column":null}},"37":{"start":{"line":63,"column":13},"end":{"line":63,"column":null}},"38":{"start":{"line":64,"column":2},"end":{"line":70,"column":null}}},"fnMap":{"0":{"name":"(anonymous_0)","decl":{"start":{"line":8,"column":27},"end":{"line":8,"column":28}},"loc":{"start":{"line":8,"column":69},"end":{"line":34,"column":1}},"line":8},"1":{"name":"(anonymous_1)","decl":{"start":{"line":43,"column":34},"end":{"line":43,"column":35}},"loc":{"start":{"line":43,"column":71},"end":{"line":55,"column":1}},"line":43},"2":{"name":"(anonymous_2)","decl":{"start":{"line":48,"column":9},"end":{"line":48,"column":10}},"loc":{"start":{"line":48,"column":23},"end":{"line":51,"column":5}},"line":48},"3":{"name":"(anonymous_3)","decl":{"start":{"line":52,"column":10},"end":{"line":52,"column":11}},"loc":{"start":{"line":52,"column":20},"end":{"line":52,"column":43}},"line":52},"4":{"name":"(anonymous_4)","decl":{"start":{"line":54,"column":9},"end":{"line":54,"column":10}},"loc":{"start":{"line":54,"column":19},"end":{"line":54,"column":31}},"line":54},"5":{"name":"(anonymous_5)","decl":{"start":{"line":62,"column":26},"end":{"line":62,"column":27}},"loc":{"start":{"line":62,"column":36},"end":{"line":71,"column":1}},"line":62}},"branchMap":{"0":{"loc":{"start":{"line":8,"column":42},"end":{"line":8,"column":64}},"type":"default-arg","locations":[{"start":{"line":8,"column":56},"end":{"line":8,"column":64}}],"line":8},"1":{"loc":{"start":{"line":9,"column":2},"end":{"line":9,"column":null}},"type":"if","locations":[{"start":{"line":9,"column":2},"end":{"line":9,"column":null}},{"start":{},"end":{}}],"line":9},"2":{"loc":{"start":{"line":10,"column":2},"end":{"line":10,"column":null}},"type":"if","locations":[{"start":{"line":10,"column":2},"end":{"line":10,"column":null}},{"start":{},"end":{}}],"line":10},"3":{"loc":{"start":{"line":11,"column":2},"end":{"line":11,"column":null}},"type":"if","locations":[{"start":{"line":11,"column":2},"end":{"line":11,"column":null}},{"start":{},"end":{}}],"line":11},"4":{"loc":{"start":{"line":23,"column":19},"end":{"line":23,"column":48}},"type":"cond-expr","locations":[{"start":{"line":23,"column":43},"end":{"line":23,"column":44}},{"start":{"line":23,"column":47},"end":{"line":23,"column":48}}],"line":23},"5":{"loc":{"start":{"line":28,"column":4},"end":{"line":28,"column":null}},"type":"if","locations":[{"start":{"line":28,"column":4},"end":{"line":28,"column":null}},{"start":{},"end":{}}],"line":28},"6":{"loc":{"start":{"line":43,"column":42},"end":{"line":43,"column":55}},"type":"default-arg","locations":[{"start":{"line":43,"column":53},"end":{"line":43,"column":55}}],"line":43},"7":{"loc":{"start":{"line":43,"column":57},"end":{"line":43,"column":66}},"type":"default-arg","locations":[{"start":{"line":43,"column":65},"end":{"line":43,"column":66}}],"line":43},"8":{"loc":{"start":{"line":44,"column":23},"end":{"line":44,"column":34}},"type":"binary-expr","locations":[{"start":{"line":44,"column":23},"end":{"line":44,"column":28}},{"start":{"line":44,"column":32},"end":{"line":44,"column":34}}],"line":44},"9":{"loc":{"start":{"line":45,"column":2},"end":{"line":45,"column":null}},"type":"if","locations":[{"start":{"line":45,"column":2},"end":{"line":45,"column":null}},{"start":{},"end":{}}],"line":45},"10":{"loc":{"start":{"line":63,"column":2},"end":{"line":63,"column":null}},"type":"if","locations":[{"start":{"line":63,"column":2},"end":{"line":63,"column":null}},{"start":{},"end":{}}],"line":63}},"s":{"0":1,"1":7,"2":1,"3":6,"4":1,"5":5,"6":1,"7":4,"8":4,"9":4,"10":4,"11":25,"12":4,"13":4,"14":15,"15":15,"16":15,"17":15,"18":84,"19":84,"20":84,"21":15,"22":0,"23":15,"24":15,"25":99,"26":4,"27":1,"28":3,"29":3,"30":1,"31":2,"32":3,"33":2,"34":3,"35":1,"36":3,"37":2,"38":1},"f":{"0":7,"1":3,"2":3,"3":2,"4":3,"5":3},"b":{"0":[7],"1":[1,6],"2":[1,5],"3":[1,4],"4":[15,69],"5":[0,15],"6":[3],"7":[3],"8":[3,1],"9":[1,2],"10":[2,1]},"meta":{"lastBranch":11,"lastFunction":6,"lastStatement":39,"seen":{"s:8:27:34:1":0,"f:8:27:8:28":0,"b:8:56:8:64":0,"b:9:2:9:Infinity:undefined:undefined:undefined:undefined":1,"s:9:2:9:Infinity":1,"s:9:23:9:Infinity":2,"b:10:2:10:Infinity:undefined:undefined:undefined:undefined":2,"s:10:2:10:Infinity":3,"s:10:21:10:Infinity":4,"b:11:2:11:Infinity:undefined:undefined:undefined:undefined":3,"s:11:2:11:Infinity":5,"s:11:21:11:Infinity":6,"s:13:13:13:40":7,"s:14:13:14:40":8,"s:16:2:16:Infinity":9,"s:16:15:16:16":10,"s:16:42:16:Infinity":11,"s:18:2:31:Infinity":12,"s:18:15:18:16":13,"s:19:4:19:Infinity":14,"s:20:17:20:22":15,"s:22:4:26:Infinity":16,"s:22:17:22:18":17,"s:23:19:23:48":18,"b:23:43:23:44:23:47:23:48":4,"s:24:6:24:Infinity":19,"s:25:6:25:Infinity":20,"b:28:4:28:Infinity:undefined:undefined:undefined:undefined":5,"s:28:4:28:Infinity":21,"s:28:30:28:Infinity":22,"s:30:4:30:Infinity":23,"s:30:17:30:18":24,"s:30:44:30:Infinity":25,"s:33:2:33:Infinity":26,"s:43:34:55:1":27,"f:43:34:43:35":1,"b:43:53:43:55":6,"b:43:65:43:66":7,"s:44:16:44:56":28,"b:44:23:44:28:44:32:44:34":8,"b:45:2:45:Infinity:undefined:undefined:undefined:undefined":9,"s:45:2:45:Infinity":29,"s:45:14:45:Infinity":30,"s:47:2:54:Infinity":31,"f:48:9:48:10":2,"s:48:23:51:5":32,"f:52:10:52:11":3,"s:52:20:52:43":33,"f:54:9:54:10":4,"s:54:19:54:31":34,"s:62:26:71:1":35,"f:62:26:62:27":5,"b:63:2:63:Infinity:undefined:undefined:undefined:undefined":10,"s:63:2:63:Infinity":36,"s:63:13:63:Infinity":37,"s:64:2:70:Infinity":38}}}
,"/app/src/validation.js": {"path":"/app/src/validation.js","statementMap":{"0":{"start":{"line":6,"column":27},"end":{"line":7,"column":54}},"1":{"start":{"line":7,"column":2},"end":{"line":7,"column":54}},"2":{"start":{"line":14,"column":27},"end":{"line":15,"column":54}},"3":{"start":{"line":15,"column":2},"end":{"line":15,"column":54}},"4":{"start":{"line":22,"column":25},"end":{"line":23,"column":50}},"5":{"start":{"line":23,"column":2},"end":{"line":23,"column":50}},"6":{"start":{"line":30,"column":26},"end":{"line":31,"column":51}},"7":{"start":{"line":31,"column":2},"end":{"line":31,"column":51}},"8":{"start":{"line":38,"column":27},"end":{"line":39,"column":54}},"9":{"start":{"line":39,"column":2},"end":{"line":39,"column":54}},"10":{"start":{"line":46,"column":29},"end":{"line":49,"column":1}},"11":{"start":{"line":47,"column":2},"end":{"line":47,"column":null}},"12":{"start":{"line":47,"column":26},"end":{"line":47,"column":null}},"13":{"start":{"line":48,"column":2},"end":{"line":48,"column":null}},"14":{"start":{"line":56,"column":21},"end":{"line":60,"column":1}},"15":{"start":{"line":57,"column":2},"end":{"line":57,"column":null}},"16":{"start":{"line":57,"column":34},"end":{"line":57,"column":null}},"17":{"start":{"line":58,"column":19},"end":{"line":58,"column":43}},"18":{"start":{"line":59,"column":2},"end":{"line":59,"column":null}},"19":{"start":{"line":67,"column":29},"end":{"line":72,"column":1}},"20":{"start":{"line":68,"column":2},"end":{"line":68,"column":null}},"21":{"start":{"line":68,"column":34},"end":{"line":68,"column":null}},"22":{"start":{"line":70,"column":4},"end":{"line":70,"column":155}},"23":{"start":{"line":71,"column":2},"end":{"line":71,"column":null}}},"fnMap":{"0":{"name":"(anonymous_0)","decl":{"start":{"line":6,"column":27},"end":{"line":6,"column":28}},"loc":{"start":{"line":7,"column":2},"end":{"line":7,"column":54}},"line":7},"1":{"name":"(anonymous_1)","decl":{"start":{"line":14,"column":27},"end":{"line":14,"column":28}},"loc":{"start":{"line":15,"column":2},"end":{"line":15,"column":54}},"line":15},"2":{"name":"(anonymous_2)","decl":{"start":{"line":22,"column":25},"end":{"line":22,"column":26}},"loc":{"start":{"line":23,"column":2},"end":{"line":23,"column":50}},"line":23},"3":{"name":"(anonymous_3)","decl":{"start":{"line":30,"column":26},"end":{"line":30,"column":27}},"loc":{"start":{"line":31,"column":2},"end":{"line":31,"column":51}},"line":31},"4":{"name":"(anonymous_4)","decl":{"start":{"line":38,"column":27},"end":{"line":38,"column":28}},"loc":{"start":{"line":39,"column":2},"end":{"line":39,"column":54}},"line":39},"5":{"name":"(anonymous_5)","decl":{"start":{"line":46,"column":29},"end":{"line":46,"column":30}},"loc":{"start":{"line":46,"column":41},"end":{"line":49,"column":1}},"line":46},"6":{"name":"(anonymous_6)","decl":{"start":{"line":56,"column":21},"end":{"line":56,"column":22}},"loc":{"start":{"line":56,"column":33},"end":{"line":60,"column":1}},"line":56},"7":{"name":"(anonymous_7)","decl":{"start":{"line":67,"column":29},"end":{"line":67,"column":30}},"loc":{"start":{"line":67,"column":41},"end":{"line":72,"column":1}},"line":67}},"branchMap":{"0":{"loc":{"start":{"line":7,"column":2},"end":{"line":7,"column":54}},"type":"binary-expr","locations":[{"start":{"line":7,"column":2},"end":{"line":7,"column":26}},{"start":{"line":7,"column":30},"end":{"line":7,"column":54}}],"line":7},"1":{"loc":{"start":{"line":15,"column":2},"end":{"line":15,"column":54}},"type":"binary-expr","locations":[{"start":{"line":15,"column":2},"end":{"line":15,"column":26}},{"start":{"line":15,"column":30},"end":{"line":15,"column":54}}],"line":15},"2":{"loc":{"start":{"line":23,"column":2},"end":{"line":23,"column":50}},"type":"binary-expr","locations":[{"start":{"line":23,"column":2},"end":{"line":23,"column":26}},{"start":{"line":23,"column":30},"end":{"line":23,"column":50}}],"line":23},"3":{"loc":{"start":{"line":31,"column":2},"end":{"line":31,"column":51}},"type":"binary-expr","locations":[{"start":{"line":31,"column":2},"end":{"line":31,"column":26}},{"start":{"line":31,"column":30},"end":{"line":31,"column":51}}],"line":31},"4":{"loc":{"start":{"line":39,"column":2},"end":{"line":39,"column":54}},"type":"binary-expr","locations":[{"start":{"line":39,"column":2},"end":{"line":39,"column":26}},{"start":{"line":39,"column":30},"end":{"line":39,"column":54}}],"line":39},"5":{"loc":{"start":{"line":57,"column":2},"end":{"line":57,"column":null}},"type":"if","locations":[{"start":{"line":57,"column":2},"end":{"line":57,"column":null}},{"start":{},"end":{}}],"line":57},"6":{"loc":{"start":{"line":59,"column":9},"end":{"line":59,"column":54}},"type":"binary-expr","locations":[{"start":{"line":59,"column":9},"end":{"line":59,"column":29}},{"start":{"line":59,"column":33},"end":{"line":59,"column":54}}],"line":59},"7":{"loc":{"start":{"line":68,"column":2},"end":{"line":68,"column":null}},"type":"if","locations":[{"start":{"line":68,"column":2},"end":{"line":68,"column":null}},{"start":{},"end":{}}],"line":68},"8":{"loc":{"start":{"line":71,"column":9},"end":{"line":71,"column":70}},"type":"binary-expr","locations":[{"start":{"line":71,"column":9},"end":{"line":71,"column":40}},{"start":{"line":71,"column":44},"end":{"line":71,"column":70}}],"line":71}},"s":{"0":1,"1":1,"2":1,"3":1,"4":1,"5":1,"6":1,"7":1,"8":1,"9":1,"10":1,"11":2,"12":1,"13":1,"14":1,"15":3,"16":1,"17":2,"18":2,"19":1,"20":3,"21":0,"22":3,"23":3},"f":{"0":1,"1":1,"2":1,"3":1,"4":1,"5":2,"6":3,"7":3},"b":{"0":[1,1],"1":[1,1],"2":[1,1],"3":[1,1],"4":[1,1],"5":[1,2],"6":[2,1],"7":[0,3],"8":[3,2]},"meta":{"lastBranch":9,"lastFunction":8,"lastStatement":24,"seen":{"s:6:27:7:54":0,"f:6:27:6:28":0,"s:7:2:7:54":1,"b:7:2:7:26:7:30:7:54":0,"s:14:27:15:54":2,"f:14:27:14:28":1,"s:15:2:15:54":3,"b:15:2:15:26:15:30:15:54":1,"s:22:25:23:50":4,"f:22:25:22:26":2,"s:23:2:23:50":5,"b:23:2:23:26:23:30:23:50":2,"s:30:26:31:51":6,"f:30:26:30:27":3,"s:31:2:31:51":7,"b:31:2:31:26:31:30:31:51":3,"s:38:27:39:54":8,"f:38:27:38:28":4,"s:39:2:39:54":9,"b:39:2:39:26:39:30:39:54":4,"s:46:29:49:1":10,"f:46:29:46:30":5,"s:47:2:47:Infinity":11,"s:47:26:47:Infinity":12,"s:48:2:48:Infinity":13,"s:56:21:60:1":14,"f:56:21:56:22":6,"b:57:2:57:Infinity:undefined:undefined:undefined:undefined":5,"s:57:2:57:Infinity":15,"s:57:34:57:Infinity":16,"s:58:19:58:43":17,"s:59:2:59:Infinity":18,"b:59:9:59:29:59:33:59:54":6,"s:67:29:72:1":19,"f:67:29:67:30":7,"b:68:2:68:Infinity:undefined:undefined:undefined:undefined":7,"s:68:2:68:Infinity":20,"s:68:34:68:Infinity":21,"s:70:4:70:155":22,"s:71:2:71:Infinity":23,"b:71:9:71:40:71:44:71:70":8}}}
,"/app/src/scraper/igdl.js": {"path":"/app/src/scraper/igdl.js","statementMap":{"0":{"start":{"line":7,"column":2},"end":{"line":87,"column":null}},"1":{"start":{"line":8,"column":21},"end":{"line":19,"column":8}},"2":{"start":{"line":9,"column":23},"end":{"line":13,"column":7}},"3":{"start":{"line":14,"column":6},"end":{"line":17,"column":null}},"4":{"start":{"line":15,"column":22},"end":{"line":15,"column":40}},"5":{"start":{"line":16,"column":8},"end":{"line":16,"column":null}},"6":{"start":{"line":16,"column":31},"end":{"line":16,"column":null}},"7":{"start":{"line":18,"column":6},"end":{"line":18,"column":null}},"8":{"start":{"line":21,"column":4},"end":{"line":23,"column":null}},"9":{"start":{"line":22,"column":6},"end":{"line":22,"column":null}},"10":{"start":{"line":25,"column":21},"end":{"line":25,"column":42}},"11":{"start":{"line":26,"column":4},"end":{"line":26,"column":null}},"12":{"start":{"line":27,"column":4},"end":{"line":27,"column":null}},"13":{"start":{"line":28,"column":4},"end":{"line":28,"column":null}},"14":{"start":{"line":29,"column":4},"end":{"line":29,"column":null}},"15":{"start":{"line":30,"column":4},"end":{"line":30,"column":null}},"16":{"start":{"line":32,"column":21},"end":{"line":44,"column":6}},"17":{"start":{"line":46,"column":17},"end":{"line":46,"column":38}},"18":{"start":{"line":48,"column":26},"end":{"line":50,"column":5}},"19":{"start":{"line":51,"column":21},"end":{"line":51,"column":67}},"20":{"start":{"line":53,"column":23},"end":{"line":55,"column":5}},"21":{"start":{"line":56,"column":22},"end":{"line":56,"column":72}},"22":{"start":{"line":58,"column":23},"end":{"line":60,"column":5}},"23":{"start":{"line":62,"column":22},"end":{"line":62,"column":31}},"24":{"start":{"line":63,"column":4},"end":{"line":65,"column":null}},"25":{"start":{"line":64,"column":6},"end":{"line":64,"column":null}},"26":{"start":{"line":64,"column":20},"end":{"line":64,"column":null}},"27":{"start":{"line":67,"column":19},"end":{"line":70,"column":7}},"28":{"start":{"line":67,"column":55},"end":{"line":70,"column":5}},"29":{"start":{"line":72,"column":4},"end":{"line":81,"column":null}},"30":{"start":{"line":83,"column":4},"end":{"line":86,"column":null}}},"fnMap":{"0":{"name":"igdl","decl":{"start":{"line":6,"column":22},"end":{"line":6,"column":26}},"loc":{"start":{"line":6,"column":32},"end":{"line":88,"column":null}},"line":6},"1":{"name":"(anonymous_1)","decl":{"start":{"line":8,"column":22},"end":{"line":8,"column":23}},"loc":{"start":{"line":8,"column":28},"end":{"line":19,"column":5}},"line":8},"2":{"name":"(anonymous_2)","decl":{"start":{"line":67,"column":45},"end":{"line":67,"column":46}},"loc":{"start":{"line":67,"column":55},"end":{"line":70,"column":5}},"line":67}},"branchMap":{"0":{"loc":{"start":{"line":16,"column":8},"end":{"line":16,"column":null}},"type":"if","locations":[{"start":{"line":16,"column":8},"end":{"line":16,"column":null}},{"start":{},"end":{}}],"line":16},"1":{"loc":{"start":{"line":16,"column":12},"end":{"line":16,"column":29}},"type":"binary-expr","locations":[{"start":{"line":16,"column":12},"end":{"line":16,"column":17}},{"start":{"line":16,"column":21},"end":{"line":16,"column":29}}],"line":16},"2":{"loc":{"start":{"line":21,"column":4},"end":{"line":23,"column":null}},"type":"if","locations":[{"start":{"line":21,"column":4},"end":{"line":23,"column":null}},{"start":{},"end":{}}],"line":21},"3":{"loc":{"start":{"line":51,"column":21},"end":{"line":51,"column":67}},"type":"cond-expr","locations":[{"start":{"line":51,"column":37},"end":{"line":51,"column":60}},{"start":{"line":51,"column":63},"end":{"line":51,"column":67}}],"line":51},"4":{"loc":{"start":{"line":56,"column":22},"end":{"line":56,"column":72}},"type":"cond-expr","locations":[{"start":{"line":56,"column":35},"end":{"line":56,"column":65}},{"start":{"line":56,"column":68},"end":{"line":56,"column":72}}],"line":56},"5":{"loc":{"start":{"line":56,"column":35},"end":{"line":56,"column":65}},"type":"binary-expr","locations":[{"start":{"line":56,"column":35},"end":{"line":56,"column":48}},{"start":{"line":56,"column":52},"end":{"line":56,"column":65}}],"line":56},"6":{"loc":{"start":{"line":64,"column":6},"end":{"line":64,"column":null}},"type":"if","locations":[{"start":{"line":64,"column":6},"end":{"line":64,"column":null}},{"start":{},"end":{}}],"line":64},"7":{"loc":{"start":{"line":78,"column":18},"end":{"line":78,"column":58}},"type":"cond-expr","locations":[{"start":{"line":78,"column":38},"end":{"line":78,"column":51}},{"start":{"line":78,"column":54},"end":{"line":78,"column":58}}],"line":78},"8":{"loc":{"start":{"line":79,"column":24},"end":{"line":79,"column":64}},"type":"cond-expr","locations":[{"start":{"line":79,"column":44},"end":{"line":79,"column":57}},{"start":{"line":79,"column":60},"end":{"line":79,"column":64}}],"line":79}},"s":{"0":2,"1":2,"2":2,"3":2,"4":5,"5":5,"6":1,"7":1,"8":2,"9":1,"10":1,"11":1,"12":1,"13":1,"14":1,"15":1,"16":1,"17":1,"18":1,"19":1,"20":2,"21":2,"22":2,"23":2,"24":2,"25":0,"26":0,"27":1,"28":0,"29":1,"30":1},"f":{"0":2,"1":2,"2":0},"b":{"0":[1,4],"1":[5,1],"2":[1,1],"3":[0,1],"4":[0,1],"5":[0,0],"6":[0,0],"7":[0,1],"8":[0,1]},"meta":{"lastBranch":9,"lastFunction":3,"lastStatement":31,"seen":{"f:6:22:6:26":0,"s:7:2:87:Infinity":0,"s:8:21:19:8":1,"f:8:22:8:23":1,"s:9:23:13:7":2,"s:14:6:17:Infinity":3,"s:15:22:15:40":4,"b:16:8:16:Infinity:undefined:undefined:undefined:undefined":0,"s:16:8:16:Infinity":5,"b:16:12:16:17:16:21:16:29":1,"s:16:31:16:Infinity":6,"s:18:6:18:Infinity":7,"b:21:4:23:Infinity:undefined:undefined:undefined:undefined":2,"s:21:4:23:Infinity":8,"s:22:6:22:Infinity":9,"s:25:21:25:42":10,"s:26:4:26:Infinity":11,"s:27:4:27:Infinity":12,"s:28:4:28:Infinity":13,"s:29:4:29:Infinity":14,"s:30:4:30:Infinity":15,"s:32:21:44:6":16,"s:46:17:46:38":17,"s:48:26:50:5":18,"s:51:21:51:67":19,"b:51:37:51:60:51:63:51:67":3,"s:53:23:55:5":20,"s:56:22:56:72":21,"b:56:35:56:65:56:68:56:72":4,"b:56:35:56:48:56:52:56:65":5,"s:58:23:60:5":22,"s:62:22:62:31":23,"s:63:4:65:Infinity":24,"b:64:6:64:Infinity:undefined:undefined:undefined:undefined":6,"s:64:6:64:Infinity":25,"s:64:20:64:Infinity":26,"s:67:19:70:7":27,"f:67:45:67:46":2,"s:67:55:70:5":28,"s:72:4:81:Infinity":29,"b:78:38:78:51:78:54:78:58":7,"b:79:44:79:57:79:60:79:64":8,"s:83:4:86:Infinity":30}}}
}
