{"/app/src/array.js": {"path":"/app/src/array.js","statementMap":{"0":{"start":{"line":9,"column":23},"end":{"line":12,"column":1}},"1":{"start":{"line":10,"column":2},"end":{"line":10,"column":null}},"2":{"start":{"line":10,"column":45},"end":{"line":10,"column":null}},"3":{"start":{"line":11,"column":2},"end":{"line":11,"column":null}},"4":{"start":{"line":21,"column":28},"end":{"line":28,"column":1}},"5":{"start":{"line":22,"column":16},"end":{"line":22,"column":26}},"6":{"start":{"line":23,"column":2},"end":{"line":26,"column":null}},"7":{"start":{"line":23,"column":15},"end":{"line":23,"column":31}},"8":{"start":{"line":24,"column":14},"end":{"line":24,"column":49}},"9":{"start":{"line":25,"column":4},"end":{"line":25,"column":null}},"10":{"start":{"line":27,"column":2},"end":{"line":27,"column":null}},"11":{"start":{"line":37,"column":29},"end":{"line":38,"column":51}},"12":{"start":{"line":38,"column":2},"end":{"line":38,"column":51}},"13":{"start":{"line":47,"column":27},"end":{"line":47,"column":85}},"14":{"start":{"line":47,"column":38},"end":{"line":47,"column":85}}},"fnMap":{"0":{"name":"(anonymous_0)","decl":{"start":{"line":9,"column":23},"end":{"line":9,"column":24}},"loc":{"start":{"line":9,"column":34},"end":{"line":12,"column":1}},"line":9},"1":{"name":"(anonymous_1)","decl":{"start":{"line":21,"column":28},"end":{"line":21,"column":29}},"loc":{"start":{"line":21,"column":39},"end":{"line":28,"column":1}},"line":21},"2":{"name":"(anonymous_2)","decl":{"start":{"line":37,"column":29},"end":{"line":37,"column":30}},"loc":{"start":{"line":38,"column":2},"end":{"line":38,"column":51}},"line":38},"3":{"name":"(anonymous_3)","decl":{"start":{"line":47,"column":27},"end":{"line":47,"column":28}},"loc":{"start":{"line":47,"column":38},"end":{"line":47,"column":85}},"line":47}},"branchMap":{"0":{"loc":{"start":{"line":10,"column":2},"end":{"line":10,"column":null}},"type":"if","locations":[{"start":{"line":10,"column":2},"end":{"line":10,"column":null}},{"start":{},"end":{}}],"line":10},"1":{"loc":{"start":{"line":10,"column":6},"end":{"line":10,"column":43}},"type":"binary-expr","locations":[{"start":{"line":10,"column":6},"end":{"line":10,"column":25}},{"start":{"line":10,"column":29},"end":{"line":10,"column":43}}],"line":10},"2":{"loc":{"start":{"line":11,"column":9},"end":{"line":11,"column":47}},"type":"cond-expr","locations":[{"start":{"line":11,"column":32},"end":{"line":11,"column":37}},{"start":{"line":11,"column":40},"end":{"line":11,"column":47}}],"line":11}},"s":{"0":1,"1":0,"2":0,"3":0,"4":1,"5":0,"6":0,"7":0,"8":0,"9":0,"10":0,"11":1,"12":0,"13":1,"14":0},"f":{"0":0,"1":0,"2":0,"3":0},"b":{"0":[0,0],"1":[0,0],"2":[0,0]},"meta":{"lastBranch":3,"lastFunction":4,"lastStatement":15,"seen":{"s:9:23:12:1":0,"f:9:23:9:24":0,"b:10:2:10:Infinity:undefined:undefined:undefined:undefined":0,"s:10:2:10:Infinity":1,"b:10:6:10:25:10:29:10:43":1,"s:10:45:10:Infinity":2,"s:11:2:11:Infinity":3,"b:11:32:11:37:11:40:11:47":2,"s:21:28:28:1":4,"f:21:28:21:29":1,"s:22:16:22:26":5,"s:23:2:26:Infinity":6,"s:23:15:23:31":7,"s:24:14:24:49":8,"s:25:4:25:Infinity":9,"s:27:2:27:Infinity":10,"s:37:29:38:51":11,"f:37:29:37:30":2,"s:38:2:38:51":12,"s:47:27:47:85":13,"f:47:27:47:28":3,"s:47:38:47:85":14}}}
,"/app/src/format.js": {"path":"/app/src/format.js","statementMap":{"0":{"start":{"line":8,"column":24},"end":{"line":14,"column":1}},"1":{"start":{"line":9,"column":15},"end":{"line":9,"column":39}},"2":{"start":{"line":10,"column":2},"end":{"line":10,"column":null}},"3":{"start":{"line":10,"column":30},"end":{"line":10,"column":null}},"4":{"start":{"line":11,"column":2},"end":{"line":11,"column":null}},"5":{"start":{"line":11,"column":31},"end":{"line":11,"column":null}},"6":{"start":{"line":12,"column":2},"end":{"line":12,"column":null}},"7":{"start":{"line":12,"column":31},"end":{"line":12,"column":null}},"8":{"start":{"line":13,"column":2},"end":{"line":13,"column":null}},"9":{"start":{"line":21,"column":21},"end":{"line":26,"column":1}},"10":{"start":{"line":22,"column":2},"end":{"line":22,"column":null}},"11":{"start":{"line":22,"column":19},"end":{"line":22,"column":null}},"12":{"start":{"line":23,"column":2},"end":{"line":23,"column":null}},"13":{"start":{"line":23,"column":19},"end":{"line":23,"column":null}},"14":{"start":{"line":24,"column":2},"end":{"line":24,"column":null}},"15":{"start":{"line":24,"column":19},"end":{"line":24,"column":null}},"16":{"start":{"line":25,"column":2},"end":{"line":25,"column":null}},"17":{"start":{"line":33,"column":22},"end":{"line":41,"column":1}},"18":{"start":{"line":34,"column":14},"end":{"line":34,"column":40}},"19":{"start":{"line":35,"column":14},"end":{"line":35,"column":47}},"20":{"start":{"line":36,"column":14},"end":{"line":36,"column":47}},"21":{"start":{"line":38,"column":2},"end":{"line":40,"column":null}},"22":{"start":{"line":39,"column":16},"end":{"line":39,"column":42}},"23":{"start":{"line":48,"column":28},"end":{"line":48,"column":78}},"24":{"start":{"line":48,"column":40},"end":{"line":48,"column":78}},"25":{"start":{"line":57,"column":2},"end":{"line":57,"column":null}},"26":{"start":{"line":57,"column":18},"end":{"line":57,"column":null}},"27":{"start":{"line":59,"column":14},"end":{"line":59,"column":15}},"28":{"start":{"line":60,"column":13},"end":{"line":60,"column":22}},"29":{"start":{"line":61,"column":16},"end":{"line":79,"column":3}},"30":{"start":{"line":81,"column":2},"end":{"line":84,"column":null}},"31":{"start":{"line":82,"column":4},"end":{"line":82,"column":null}},"32":{"start":{"line":83,"column":4},"end":{"line":83,"column":null}},"33":{"start":{"line":86,"column":2},"end":{"line":89,"column":null}},"34":{"start":{"line":87,"column":4},"end":{"line":87,"column":null}},"35":{"start":{"line":88,"column":4},"end":{"line":88,"column":null}},"36":{"start":{"line":91,"column":2},"end":{"line":91,"column":null}},"37":{"start":{"line":101,"column":26},"end":{"line":113,"column":1}},"38":{"start":{"line":102,"column":15},"end":{"line":102,"column":36}},"39":{"start":{"line":103,"column":2},"end":{"line":112,"column":null}},"40":{"start":{"line":120,"column":28},"end":{"line":127,"column":1}},"41":{"start":{"line":121,"column":17},"end":{"line":121,"column":39}},"42":{"start":{"line":122,"column":18},"end":{"line":122,"column":50}},"43":{"start":{"line":123,"column":18},"end":{"line":123,"column":57}},"44":{"start":{"line":124,"column":16},"end":{"line":124,"column":60}},"45":{"start":{"line":125,"column":15},"end":{"line":125,"column":57}},"46":{"start":{"line":126,"column":2},"end":{"line":126,"column":null}},"47":{"start":{"line":135,"column":2},"end":{"line":135,"column":null}},"48":{"start":{"line":135,"column":22},"end":{"line":135,"column":null}},"49":{"start":{"line":137,"column":19},"end":{"line":137,"column":38}},"50":{"start":{"line":138,"column":25},"end":{"line":138,"column":50}},"51":{"start":{"line":140,"column":16},"end":{"line":140,"column":18}},"52":{"start":{"line":142,"column":2},"end":{"line":142,"column":null}},"53":{"start":{"line":142,"column":28},"end":{"line":142,"column":null}},"54":{"start":{"line":143,"column":2},"end":{"line":143,"column":null}},"55":{"start":{"line":143,"column":29},"end":{"line":143,"column":null}},"56":{"start":{"line":144,"column":2},"end":{"line":144,"column":null}},"57":{"start":{"line":144,"column":28},"end":{"line":144,"column":null}},"58":{"start":{"line":145,"column":2},"end":{"line":145,"column":null}},"59":{"start":{"line":145,"column":27},"end":{"line":145,"column":null}},"60":{"start":{"line":146,"column":2},"end":{"line":146,"column":null}},"61":{"start":{"line":146,"column":28},"end":{"line":146,"column":null}},"62":{"start":{"line":147,"column":2},"end":{"line":147,"column":null}},"63":{"start":{"line":147,"column":30},"end":{"line":147,"column":null}},"64":{"start":{"line":148,"column":2},"end":{"line":148,"column":null}},"65":{"start":{"line":148,"column":30},"end":{"line":148,"column":null}},"66":{"start":{"line":150,"column":2},"end":{"line":151,"column":null}},"67":{"start":{"line":151,"column":4},"end":{"line":151,"column":null}},"68":{"start":{"line":153,"column":2},"end":{"line":153,"column":null}}},"fnMap":{"0":{"name":"(anonymous_0)","decl":{"start":{"line":8,"column":24},"end":{"line":8,"column":25}},"loc":{"start":{"line":8,"column":46},"end":{"line":14,"column":1}},"line":8},"1":{"name":"(anonymous_1)","decl":{"start":{"line":21,"column":21},"end":{"line":21,"column":22}},"loc":{"start":{"line":21,"column":32},"end":{"line":26,"column":1}},"line":21},"2":{"name":"(anonymous_2)","decl":{"start":{"line":33,"column":22},"end":{"line":33,"column":23}},"loc":{"start":{"line":33,"column":30},"end":{"line":41,"column":1}},"line":33},"3":{"name":"(anonymous_3)","decl":{"start":{"line":39,"column":9},"end":{"line":39,"column":10}},"loc":{"start":{"line":39,"column":16},"end":{"line":39,"column":42}},"line":39},"4":{"name":"(anonymous_4)","decl":{"start":{"line":48,"column":28},"end":{"line":48,"column":29}},"loc":{"start":{"line":48,"column":40},"end":{"line":48,"column":78}},"line":48},"5":{"name":"formatSize","decl":{"start":{"line":56,"column":16},"end":{"line":56,"column":26}},"loc":{"start":{"line":56,"column":61},"end":{"line":92,"column":null}},"line":56},"6":{"name":"(anonymous_6)","decl":{"start":{"line":101,"column":26},"end":{"line":101,"column":27}},"loc":{"start":{"line":101,"column":75},"end":{"line":113,"column":1}},"line":101},"7":{"name":"(anonymous_7)","decl":{"start":{"line":120,"column":28},"end":{"line":120,"column":29}},"loc":{"start":{"line":120,"column":43},"end":{"line":127,"column":1}},"line":120},"8":{"name":"convertMsToDuration","decl":{"start":{"line":134,"column":16},"end":{"line":134,"column":35}},"loc":{"start":{"line":134,"column":40},"end":{"line":154,"column":null}},"line":134}},"branchMap":{"0":{"loc":{"start":{"line":8,"column":25},"end":{"line":8,"column":41}},"type":"default-arg","locations":[{"start":{"line":8,"column":31},"end":{"line":8,"column":41}}],"line":8},"1":{"loc":{"start":{"line":10,"column":2},"end":{"line":10,"column":null}},"type":"if","locations":[{"start":{"line":10,"column":2},"end":{"line":10,"column":null}},{"start":{},"end":{}}],"line":10},"2":{"loc":{"start":{"line":10,"column":6},"end":{"line":10,"column":28}},"type":"binary-expr","locations":[{"start":{"line":10,"column":6},"end":{"line":10,"column":15}},{"start":{"line":10,"column":19},"end":{"line":10,"column":28}}],"line":10},"3":{"loc":{"start":{"line":11,"column":2},"end":{"line":11,"column":null}},"type":"if","locations":[{"start":{"line":11,"column":2},"end":{"line":11,"column":null}},{"start":{},"end":{}}],"line":11},"4":{"loc":{"start":{"line":11,"column":6},"end":{"line":11,"column":29}},"type":"binary-expr","locations":[{"start":{"line":11,"column":6},"end":{"line":11,"column":16}},{"start":{"line":11,"column":20},"end":{"line":11,"column":29}}],"line":11},"5":{"loc":{"start":{"line":12,"column":2},"end":{"line":12,"column":null}},"type":"if","locations":[{"start":{"line":12,"column":2},"end":{"line":12,"column":null}},{"start":{},"end":{}}],"line":12},"6":{"loc":{"start":{"line":12,"column":6},"end":{"line":12,"column":29}},"type":"binary-expr","locations":[{"start":{"line":12,"column":6},"end":{"line":12,"column":16}},{"start":{"line":12,"column":20},"end":{"line":12,"column":29}}],"line":12},"7":{"loc":{"start":{"line":22,"column":2},"end":{"line":22,"column":null}},"type":"if","locations":[{"start":{"line":22,"column":2},"end":{"line":22,"column":null}},{"start":{},"end":{}}],"line":22},"8":{"loc":{"start":{"line":23,"column":2},"end":{"line":23,"column":null}},"type":"if","locations":[{"start":{"line":23,"column":2},"end":{"line":23,"column":null}},{"start":{},"end":{}}],"line":23},"9":{"loc":{"start":{"line":24,"column":2},"end":{"line":24,"column":null}},"type":"if","locations":[{"start":{"line":24,"column":2},"end":{"line":24,"column":null}},{"start":{},"end":{}}],"line":24},"10":{"loc":{"start":{"line":56,"column":38},"end":{"line":56,"column":59}},"type":"default-arg","locations":[{"start":{"line":56,"column":54},"end":{"line":56,"column":59}}],"line":56},"11":{"loc":{"start":{"line":57,"column":2},"end":{"line":57,"column":null}},"type":"if","locations":[{"start":{"line":57,"column":2},"end":{"line":57,"column":null}},{"start":{},"end":{}}],"line":57},"12":{"loc":{"start":{"line":57,"column":36},"end":{"line":57,"column":61}},"type":"cond-expr","locations":[{"start":{"line":57,"column":52},"end":{"line":57,"column":56}},{"start":{"line":57,"column":59},"end":{"line":57,"column":61}}],"line":57},"13":{"loc":{"start":{"line":81,"column":9},"end":{"line":81,"column":30}},"type":"binary-expr","locations":[{"start":{"line":81,"column":9},"end":{"line":81,"column":17}},{"start":{"line":81,"column":21},"end":{"line":81,"column":30}}],"line":81},"14":{"loc":{"start":{"line":86,"column":9},"end":{"line":86,"column":49}},"type":"binary-expr","locations":[{"start":{"line":86,"column":9},"end":{"line":86,"column":21}},{"start":{"line":86,"column":25},"end":{"line":86,"column":49}}],"line":86},"15":{"loc":{"start":{"line":91,"column":46},"end":{"line":91,"column":71}},"type":"cond-expr","locations":[{"start":{"line":91,"column":62},"end":{"line":91,"column":66}},{"start":{"line":91,"column":69},"end":{"line":91,"column":71}}],"line":91},"16":{"loc":{"start":{"line":101,"column":40},"end":{"line":101,"column":56}},"type":"default-arg","locations":[{"start":{"line":101,"column":49},"end":{"line":101,"column":56}}],"line":101},"17":{"loc":{"start":{"line":101,"column":58},"end":{"line":101,"column":70}},"type":"default-arg","locations":[{"start":{"line":101,"column":68},"end":{"line":101,"column":70}}],"line":101},"18":{"loc":{"start":{"line":135,"column":2},"end":{"line":135,"column":null}},"type":"if","locations":[{"start":{"line":135,"column":2},"end":{"line":135,"column":null}},{"start":{},"end":{}}],"line":135},"19":{"loc":{"start":{"line":135,"column":6},"end":{"line":135,"column":20}},"type":"binary-expr","locations":[{"start":{"line":135,"column":6},"end":{"line":135,"column":9}},{"start":{"line":135,"column":13},"end":{"line":135,"column":20}}],"line":135},"20":{"loc":{"start":{"line":142,"column":2},"end":{"line":142,"column":null}},"type":"if","locations":[{"start":{"line":142,"column":2},"end":{"line":142,"column":null}},{"start":{},"end":{}}],"line":142},"21":{"loc":{"start":{"line":143,"column":2},"end":{"line":143,"column":null}},"type":"if","locations":[{"start":{"line":143,"column":2},"end":{"line":143,"column":null}},{"start":{},"end":{}}],"line":143},"22":{"loc":{"start":{"line":144,"column":2},"end":{"line":144,"column":null}},"type":"if","locations":[{"start":{"line":144,"column":2},"end":{"line":144,"column":null}},{"start":{},"end":{}}],"line":144},"23":{"loc":{"start":{"line":145,"column":2},"end":{"line":145,"column":null}},"type":"if","locations":[{"start":{"line":145,"column":2},"end":{"line":145,"column":null}},{"start":{},"end":{}}],"line":145},"24":{"loc":{"start":{"line":146,"column":2},"end":{"line":146,"column":null}},"type":"if","locations":[{"start":{"line":146,"column":2},"end":{"line":146,"column":null}},{"start":{},"end":{}}],"line":146},"25":{"loc":{"start":{"line":147,"column":2},"end":{"line":147,"column":null}},"type":"if","locations":[{"start":{"line":147,"column":2},"end":{"line":147,"column":null}},{"start":{},"end":{}}],"line":147},"26":{"loc":{"start":{"line":148,"column":2},"end":{"line":148,"column":null}},"type":"if","locations":[{"start":{"line":148,"column":2},"end":{"line":148,"column":null}},{"start":{},"end":{}}],"line":148},"27":{"loc":{"start":{"line":150,"column":2},"end":{"line":151,"column":null}},"type":"if","locations":[{"start":{"line":150,"column":2},"end":{"line":151,"column":null}},{"start":{},"end":{}}],"line":150},"28":{"loc":{"start":{"line":150,"column":6},"end":{"line":150,"column":52}},"type":"binary-expr","locations":[{"start":{"line":150,"column":6},"end":{"line":150,"column":21}},{"start":{"line":150,"column":25},"end":{"line":150,"column":52}}],"line":150},"29":{"loc":{"start":{"line":153,"column":9},"end":{"line":153,"column":37}},"type":"binary-expr","locations":[{"start":{"line":153,"column":9},"end":{"line":153,"column":24}},{"start":{"line":153,"column":28},"end":{"line":153,"column":37}}],"line":153}},"s":{"0":2,"1":4,"2":4,"3":1,"4":3,"5":1,"6":2,"7":1,"8":1,"9":2,"10":4,"11":1,"12":3,"13":1,"14":2,"15":2,"16":1,"17":2,"18":1,"19":1,"20":1,"21":1,"22":3,"23":2,"24":1,"25":4,"26":1,"27":3,"28":3,"29":3,"30":3,"31":0,"32":0,"33":3,"34":11,"35":11,"36":3,"37":2,"38":1,"39":1,"40":2,"41":1,"42":1,"43":1,"44":1,"45":1,"46":1,"47":4,"48":1,"49":3,"50":3,"51":3,"52":3,"53":0,"54":3,"55":3,"56":3,"57":3,"58":3,"59":3,"60":3,"61":3,"62":3,"63":3,"64":3,"65":3,"66":3,"67":1,"68":3},"f":{"0":4,"1":4,"2":1,"3":3,"4":1,"5":4,"6":1,"7":1,"8":4},"b":{"0":[4],"1":[1,3],"2":[4,4],"3":[1,2],"4":[3,3],"5":[1,1],"6":[2,2],"7":[1,3],"8":[1,2],"9":[1,1],"10":[4],"11":[1,3],"12":[0,1],"13":[3,0],"14":[3,12],"15":[0,3],"16":[1],"17":[1],"18":[1,3],"19":[4,3],"20":[0,3],"21":[1,2],"22":[1,2],"23":[1,2],"24":[0,3],"25":[0,3],"26":[1,2],"27":[1,2],"28":[3,1],"29":[3,0]},"meta":{"lastBranch":30,"lastFunction":9,"lastStatement":69,"seen":{"s:8:24:14:1":0,"f:8:24:8:25":0,"b:8:31:8:41":0,"s:9:15:9:39":1,"b:10:2:10:Infinity:undefined:undefined:undefined:undefined":1,"s:10:2:10:Infinity":2,"b:10:6:10:15:10:19:10:28":2,"s:10:30:10:Infinity":3,"b:11:2:11:Infinity:undefined:undefined:undefined:undefined":3,"s:11:2:11:Infinity":4,"b:11:6:11:16:11:20:11:29":4,"s:11:31:11:Infinity":5,"b:12:2:12:Infinity:undefined:undefined:undefined:undefined":5,"s:12:2:12:Infinity":6,"b:12:6:12:16:12:20:12:29":6,"s:12:31:12:Infinity":7,"s:13:2:13:Infinity":8,"s:21:21:26:1":9,"f:21:21:21:22":1,"b:22:2:22:Infinity:undefined:undefined:undefined:undefined":7,"s:22:2:22:Infinity":10,"s:22:19:22:Infinity":11,"b:23:2:23:Infinity:undefined:undefined:undefined:undefined":8,"s:23:2:23:Infinity":12,"s:23:19:23:Infinity":13,"b:24:2:24:Infinity:undefined:undefined:undefined:undefined":9,"s:24:2:24:Infinity":14,"s:24:19:24:Infinity":15,"s:25:2:25:Infinity":16,"s:33:22:41:1":17,"f:33:22:33:23":2,"s:34:14:34:40":18,"s:35:14:35:47":19,"s:36:14:36:47":20,"s:38:2:40:Infinity":21,"f:39:9:39:10":3,"s:39:16:39:42":22,"s:48:28:48:78":23,"f:48:28:48:29":4,"s:48:40:48:78":24,"f:56:16:56:26":5,"b:56:54:56:59":10,"b:57:2:57:Infinity:undefined:undefined:undefined:undefined":11,"s:57:2:57:Infinity":25,"s:57:18:57:Infinity":26,"b:57:52:57:56:57:59:57:61":12,"s:59:14:59:15":27,"s:60:13:60:22":28,"s:61:16:79:3":29,"s:81:2:84:Infinity":30,"b:81:9:81:17:81:21:81:30":13,"s:82:4:82:Infinity":31,"s:83:4:83:Infinity":32,"s:86:2:89:Infinity":33,"b:86:9:86:21:86:25:86:49":14,"s:87:4:87:Infinity":34,"s:88:4:88:Infinity":35,"s:91:2:91:Infinity":36,"b:91:62:91:66:91:69:91:71":15,"s:101:26:113:1":37,"f:101:26:101:27":6,"b:101:49:101:56":16,"b:101:68:101:70":17,"s:102:15:102:36":38,"s:103:2:112:Infinity":39,"s:120:28:127:1":40,"f:120:28:120:29":7,"s:121:17:121:39":41,"s:122:18:122:50":42,"s:123:18:123:57":43,"s:124:16:124:60":44,"s:125:15:125:57":45,"s:126:2:126:Infinity":46,"f:134:16:134:35":8,"b:135:2:135:Infinity:undefined:undefined:undefined:undefined":18,"s:135:2:135:Infinity":47,"b:135:6:135:9:135:13:135:20":19,"s:135:22:135:Infinity":48,"s:137:19:137:38":49,"s:138:25:138:50":50,"s:140:16:140:18":51,"b:142:2:142:Infinity:undefined:undefined:undefined:undefined":20,"s:142:2:142:Infinity":52,"s:142:28:142:Infinity":53,"b:143:2:143:Infinity:undefined:undefined:undefined:undefined":21,"s:143:2:143:Infinity":54,"s:143:29:143:Infinity":55,"b:144:2:144:Infinity:undefined:undefined:undefined:undefined":22,"s:144:2:144:Infinity":56,"s:144:28:144:Infinity":57,"b:145:2:145:Infinity:undefined:undefined:undefined:undefined":23,"s:145:2:145:Infinity":58,"s:145:27:145:Infinity":59,"b:146:2:146:Infinity:undefined:undefined:undefined:undefined":24,"s:146:2:146:Infinity":60,"s:146:28:146:Infinity":61,"b:147:2:147:Infinity:undefined:undefined:undefined:undefined":25,"s:147:2:147:Infinity":62,"s:147:30:147:Infinity":63,"b:148:2:148:Infinity:undefined:undefined:undefined:undefined":26,"s:148:2:148:Infinity":64,"s:148:30:148:Infinity":65,"b:150:2:151:Infinity:undefined:undefined:undefined:undefined":27,"s:150:2:151:Infinity":66,"b:150:6:150:21:150:25:150:52":28,"s:151:4:151:Infinity":67,"s:153:2:153:Infinity":68,"b:153:9:153:24:153:28:153:37":29}}}
,"/app/src/index.js": {"path":"/app/src/index.js","statementMap":{"0":{"start":{"line":16,"column":2},"end":{"line":16,"column":null}},"1":{"start":{"line":16,"column":11},"end":{"line":16,"column":null}},"2":{"start":{"line":18,"column":13},"end":{"line":18,"column":14}},"3":{"start":{"line":19,"column":2},"end":{"line":22,"column":null}},"4":{"start":{"line":19,"column":15},"end":{"line":19,"column":16}},"5":{"start":{"line":20,"column":21},"end":{"line":20,"column":37}},"6":{"start":{"line":21,"column":4},"end":{"line":21,"column":null}},"7":{"start":{"line":24,"column":21},"end":{"line":24,"column":79}},"8":{"start":{"line":25,"column":12},"end":{"line":25,"column":72}},"9":{"start":{"line":26,"column":2},"end":{"line":26,"column":null}},"10":{"start":{"line":35,"column":2},"end":{"line":35,"column":null}},"11":{"start":{"line":35,"column":53},"end":{"line":35,"column":null}},"12":{"start":{"line":36,"column":2},"end":{"line":36,"column":null}},"13":{"start":{"line":45,"column":2},"end":{"line":45,"column":null}},"14":{"start":{"line":45,"column":11},"end":{"line":45,"column":null}},"15":{"start":{"line":46,"column":2},"end":{"line":46,"column":null}},"16":{"start":{"line":46,"column":30},"end":{"line":46,"column":49}}},"fnMap":{"0":{"name":"generateUID","decl":{"start":{"line":15,"column":16},"end":{"line":15,"column":27}},"loc":{"start":{"line":15,"column":32},"end":{"line":27,"column":null}},"line":15},"1":{"name":"getRandomElement","decl":{"start":{"line":34,"column":16},"end":{"line":34,"column":32}},"loc":{"start":{"line":34,"column":40},"end":{"line":37,"column":null}},"line":34},"2":{"name":"delay","decl":{"start":{"line":44,"column":16},"end":{"line":44,"column":21}},"loc":{"start":{"line":44,"column":26},"end":{"line":47,"column":null}},"line":44},"3":{"name":"(anonymous_3)","decl":{"start":{"line":46,"column":21},"end":{"line":46,"column":22}},"loc":{"start":{"line":46,"column":30},"end":{"line":46,"column":49}},"line":46}},"branchMap":{"0":{"loc":{"start":{"line":16,"column":2},"end":{"line":16,"column":null}},"type":"if","locations":[{"start":{"line":16,"column":2},"end":{"line":16,"column":null}},{"start":{},"end":{}}],"line":16},"1":{"loc":{"start":{"line":35,"column":2},"end":{"line":35,"column":null}},"type":"if","locations":[{"start":{"line":35,"column":2},"end":{"line":35,"column":null}},{"start":{},"end":{}}],"line":35},"2":{"loc":{"start":{"line":35,"column":6},"end":{"line":35,"column":51}},"type":"binary-expr","locations":[{"start":{"line":35,"column":6},"end":{"line":35,"column":12}},{"start":{"line":35,"column":16},"end":{"line":35,"column":29}},{"start":{"line":35,"column":33},"end":{"line":35,"column":51}}],"line":35},"3":{"loc":{"start":{"line":45,"column":2},"end":{"line":45,"column":null}},"type":"if","locations":[{"start":{"line":45,"column":2},"end":{"line":45,"column":null}},{"start":{},"end":{}}],"line":45}},"s":{"0":3,"1":2,"2":1,"3":1,"4":1,"5":4,"6":4,"7":1,"8":1,"9":1,"10":2,"11":1,"12":1,"13":2,"14":1,"15":1,"16":1},"f":{"0":3,"1":2,"2":2,"3":1},"b":{"0":[2,1],"1":[1,1],"2":[2,2,1],"3":[1,1]},"meta":{"lastBranch":4,"lastFunction":4,"lastStatement":17,"seen":{"f:15:16:15:27":0,"b:16:2:16:Infinity:undefined:undefined:undefined:undefined":0,"s:16:2:16:Infinity":0,"s:16:11:16:Infinity":1,"s:18:13:18:14":2,"s:19:2:22:Infinity":3,"s:19:15:19:16":4,"s:20:21:20:37":5,"s:21:4:21:Infinity":6,"s:24:21:24:79":7,"s:25:12:25:72":8,"s:26:2:26:Infinity":9,"f:34:16:34:32":1,"b:35:2:35:Infinity:undefined:undefined:undefined:undefined":1,"s:35:2:35:Infinity":10,"b:35:6:35:12:35:16:35:29:35:33:35:51":2,"s:35:53:35:Infinity":11,"s:36:2:36:Infinity":12,"f:44:16:44:21":2,"b:45:2:45:Infinity:undefined:undefined:undefined:undefined":3,"s:45:2:45:Infinity":13,"s:45:11:45:Infinity":14,"s:46:2:46:Infinity":15,"f:46:21:46:22":3,"s:46:30:46:49":16}}}
,"/app/src/parsing.js": {"path":"/app/src/parsing.js","statementMap":{"0":{"start":{"line":7,"column":34},"end":{"line":33,"column":1}},"1":{"start":{"line":8,"column":14},"end":{"line":8,"column":25}},"2":{"start":{"line":9,"column":2},"end":{"line":9,"column":null}},"3":{"start":{"line":9,"column":12},"end":{"line":9,"column":null}},"4":{"start":{"line":10,"column":2},"end":{"line":10,"column":null}},"5":{"start":{"line":10,"column":31},"end":{"line":10,"column":null}},"6":{"start":{"line":13,"column":4},"end":{"line":20,"column":40}},"7":{"start":{"line":22,"column":21},"end":{"line":22,"column":62}},"8":{"start":{"line":23,"column":2},"end":{"line":30,"column":null}},"9":{"start":{"line":24,"column":4},"end":{"line":29,"column":null}},"10":{"start":{"line":25,"column":21},"end":{"line":25,"column":43}},"11":{"start":{"line":26,"column":6},"end":{"line":26,"column":null}},"12":{"start":{"line":28,"column":6},"end":{"line":28,"column":null}},"13":{"start":{"line":32,"column":2},"end":{"line":32,"column":null}},"14":{"start":{"line":42,"column":29},"end":{"line":50,"column":1}},"15":{"start":{"line":46,"column":2},"end":{"line":46,"column":null}},"16":{"start":{"line":46,"column":27},"end":{"line":46,"column":null}},"17":{"start":{"line":47,"column":2},"end":{"line":47,"column":null}},"18":{"start":{"line":47,"column":37},"end":{"line":47,"column":null}},"19":{"start":{"line":48,"column":2},"end":{"line":48,"column":null}},"20":{"start":{"line":48,"column":29},"end":{"line":48,"column":null}},"21":{"start":{"line":49,"column":2},"end":{"line":49,"column":null}},"22":{"start":{"line":59,"column":28},"end":{"line":137,"column":1}},"23":{"start":{"line":60,"column":23},"end":{"line":66,"column":3}},"24":{"start":{"line":68,"column":2},"end":{"line":68,"column":null}},"25":{"start":{"line":68,"column":13},"end":{"line":68,"column":null}},"26":{"start":{"line":70,"column":2},"end":{"line":70,"column":null}},"27":{"start":{"line":71,"column":2},"end":{"line":71,"column":null}},"28":{"start":{"line":71,"column":13},"end":{"line":71,"column":null}},"29":{"start":{"line":73,"column":14},"end":{"line":73,"column":50}},"30":{"start":{"line":74,"column":2},"end":{"line":74,"column":null}},"31":{"start":{"line":74,"column":14},"end":{"line":74,"column":null}},"32":{"start":{"line":76,"column":2},"end":{"line":77,"column":null}},"33":{"start":{"line":77,"column":4},"end":{"line":77,"column":null}},"34":{"start":{"line":79,"column":22},"end":{"line":79,"column":62}},"35":{"start":{"line":80,"column":2},"end":{"line":102,"column":null}},"36":{"start":{"line":81,"column":23},"end":{"line":81,"column":40}},"37":{"start":{"line":83,"column":4},"end":{"line":90,"column":null}},"38":{"start":{"line":84,"column":6},"end":{"line":90,"column":null}},"39":{"start":{"line":92,"column":20},"end":{"line":92,"column":59}},"40":{"start":{"line":93,"column":17},"end":{"line":93,"column":43}},"41":{"start":{"line":95,"column":4},"end":{"line":101,"column":null}},"42":{"start":{"line":104,"column":15},"end":{"line":104,"column":46}},"43":{"start":{"line":105,"column":2},"end":{"line":105,"column":null}},"44":{"start":{"line":105,"column":13},"end":{"line":105,"column":null}},"45":{"start":{"line":107,"column":21},"end":{"line":107,"column":38}},"46":{"start":{"line":109,"column":2},"end":{"line":116,"column":null}},"47":{"start":{"line":110,"column":4},"end":{"line":116,"column":null}},"48":{"start":{"line":118,"column":18},"end":{"line":118,"column":57}},"49":{"start":{"line":119,"column":15},"end":{"line":119,"column":41}},"50":{"start":{"line":121,"column":15},"end":{"line":121,"column":17}},"51":{"start":{"line":122,"column":14},"end":{"line":122,"column":15}},"52":{"start":{"line":123,"column":2},"end":{"line":128,"column":null}},"53":{"start":{"line":123,"column":15},"end":{"line":123,"column":16}},"54":{"start":{"line":124,"column":4},"end":{"line":127,"column":null}},"55":{"start":{"line":125,"column":6},"end":{"line":125,"column":null}},"56":{"start":{"line":125,"column":21},"end":{"line":125,"column":null}},"57":{"start":{"line":126,"column":6},"end":{"line":126,"column":null}},"58":{"start":{"line":130,"column":2},"end":{"line":136,"column":null}},"59":{"start":{"line":145,"column":27},"end":{"line":146,"column":54}},"60":{"start":{"line":146,"column":2},"end":{"line":146,"column":54}},"61":{"start":{"line":146,"column":38},"end":{"line":146,"column":53}},"62":{"start":{"line":155,"column":29},"end":{"line":164,"column":1}},"63":{"start":{"line":156,"column":17},"end":{"line":156,"column":19}},"64":{"start":{"line":157,"column":2},"end":{"line":157,"column":null}},"65":{"start":{"line":157,"column":55},"end":{"line":157,"column":null}},"66":{"start":{"line":159,"column":16},"end":{"line":159,"column":35}},"67":{"start":{"line":161,"column":2},"end":{"line":161,"column":null}},"68":{"start":{"line":161,"column":46},"end":{"line":161,"column":null}},"69":{"start":{"line":163,"column":2},"end":{"line":163,"column":null}}},"fnMap":{"0":{"name":"(anonymous_0)","decl":{"start":{"line":7,"column":34},"end":{"line":7,"column":35}},"loc":{"start":{"line":7,"column":41},"end":{"line":33,"column":1}},"line":7},"1":{"name":"(anonymous_1)","decl":{"start":{"line":42,"column":29},"end":{"line":42,"column":null}},"loc":{"start":{"line":45,"column":5},"end":{"line":50,"column":1}},"line":45},"2":{"name":"(anonymous_2)","decl":{"start":{"line":59,"column":28},"end":{"line":59,"column":29}},"loc":{"start":{"line":59,"column":83},"end":{"line":137,"column":1}},"line":59},"3":{"name":"(anonymous_3)","decl":{"start":{"line":145,"column":27},"end":{"line":145,"column":28}},"loc":{"start":{"line":146,"column":2},"end":{"line":146,"column":54}},"line":146},"4":{"name":"(anonymous_4)","decl":{"start":{"line":146,"column":31},"end":{"line":146,"column":32}},"loc":{"start":{"line":146,"column":38},"end":{"line":146,"column":53}},"line":146},"5":{"name":"(anonymous_5)","decl":{"start":{"line":155,"column":29},"end":{"line":155,"column":30}},"loc":{"start":{"line":155,"column":83},"end":{"line":164,"column":1}},"line":155}},"branchMap":{"0":{"loc":{"start":{"line":8,"column":14},"end":{"line":8,"column":25}},"type":"binary-expr","locations":[{"start":{"line":8,"column":14},"end":{"line":8,"column":20}},{"start":{"line":8,"column":24},"end":{"line":8,"column":25}}],"line":8},"1":{"loc":{"start":{"line":9,"column":2},"end":{"line":9,"column":null}},"type":"if","locations":[{"start":{"line":9,"column":2},"end":{"line":9,"column":null}},{"start":{},"end":{}}],"line":9},"2":{"loc":{"start":{"line":10,"column":2},"end":{"line":10,"column":null}},"type":"if","locations":[{"start":{"line":10,"column":2},"end":{"line":10,"column":null}},{"start":{},"end":{}}],"line":10},"3":{"loc":{"start":{"line":13,"column":4},"end":{"line":20,"column":40}},"type":"binary-expr","locations":[{"start":{"line":13,"column":4},"end":{"line":13,"column":12}},{"start":{"line":14,"column":4},"end":{"line":14,"column":15}},{"start":{"line":15,"column":4},"end":{"line":15,"column":12}},{"start":{"line":16,"column":4},"end":{"line":16,"column":18}},{"start":{"line":17,"column":4},"end":{"line":17,"column":24}},{"start":{"line":18,"column":4},"end":{"line":18,"column":19}},{"start":{"line":19,"column":4},"end":{"line":19,"column":18}},{"start":{"line":20,"column":4},"end":{"line":20,"column":40}}],"line":13},"4":{"loc":{"start":{"line":23,"column":2},"end":{"line":30,"column":null}},"type":"if","locations":[{"start":{"line":23,"column":2},"end":{"line":30,"column":null}},{"start":{},"end":{}}],"line":23},"5":{"loc":{"start":{"line":26,"column":13},"end":{"line":26,"column":28}},"type":"binary-expr","locations":[{"start":{"line":26,"column":13},"end":{"line":26,"column":22}},{"start":{"line":26,"column":26},"end":{"line":26,"column":28}}],"line":26},"6":{"loc":{"start":{"line":32,"column":9},"end":{"line":32,"column":25}},"type":"binary-expr","locations":[{"start":{"line":32,"column":9},"end":{"line":32,"column":19}},{"start":{"line":32,"column":23},"end":{"line":32,"column":25}}],"line":32},"7":{"loc":{"start":{"line":44,"column":2},"end":{"line":44,"column":44}},"type":"default-arg","locations":[{"start":{"line":44,"column":12},"end":{"line":44,"column":44}}],"line":44},"8":{"loc":{"start":{"line":46,"column":2},"end":{"line":46,"column":null}},"type":"if","locations":[{"start":{"line":46,"column":2},"end":{"line":46,"column":null}},{"start":{},"end":{}}],"line":46},"9":{"loc":{"start":{"line":47,"column":2},"end":{"line":47,"column":null}},"type":"if","locations":[{"start":{"line":47,"column":2},"end":{"line":47,"column":null}},{"start":{},"end":{}}],"line":47},"10":{"loc":{"start":{"line":48,"column":2},"end":{"line":48,"column":null}},"type":"if","locations":[{"start":{"line":48,"column":2},"end":{"line":48,"column":null}},{"start":{},"end":{}}],"line":48},"11":{"loc":{"start":{"line":59,"column":35},"end":{"line":59,"column":78}},"type":"default-arg","locations":[{"start":{"line":59,"column":45},"end":{"line":59,"column":78}}],"line":59},"12":{"loc":{"start":{"line":68,"column":2},"end":{"line":68,"column":null}},"type":"if","locations":[{"start":{"line":68,"column":2},"end":{"line":68,"column":null}},{"start":{},"end":{}}],"line":68},"13":{"loc":{"start":{"line":71,"column":2},"end":{"line":71,"column":null}},"type":"if","locations":[{"start":{"line":71,"column":2},"end":{"line":71,"column":null}},{"start":{},"end":{}}],"line":71},"14":{"loc":{"start":{"line":74,"column":2},"end":{"line":74,"column":null}},"type":"if","locations":[{"start":{"line":74,"column":2},"end":{"line":74,"column":null}},{"start":{},"end":{}}],"line":74},"15":{"loc":{"start":{"line":76,"column":2},"end":{"line":77,"column":null}},"type":"if","locations":[{"start":{"line":76,"column":2},"end":{"line":77,"column":null}},{"start":{},"end":{}}],"line":76},"16":{"loc":{"start":{"line":76,"column":6},"end":{"line":76,"column":69}},"type":"binary-expr","locations":[{"start":{"line":76,"column":6},"end":{"line":76,"column":24}},{"start":{"line":76,"column":28},"end":{"line":76,"column":46}},{"start":{"line":76,"column":50},"end":{"line":76,"column":69}}],"line":76},"17":{"loc":{"start":{"line":79,"column":23},"end":{"line":79,"column":45}},"type":"binary-expr","locations":[{"start":{"line":79,"column":23},"end":{"line":79,"column":39}},{"start":{"line":79,"column":43},"end":{"line":79,"column":45}}],"line":79},"18":{"loc":{"start":{"line":80,"column":2},"end":{"line":102,"column":null}},"type":"if","locations":[{"start":{"line":80,"column":2},"end":{"line":102,"column":null}},{"start":{},"end":{}}],"line":80},"19":{"loc":{"start":{"line":80,"column":6},"end":{"line":80,"column":38}},"type":"binary-expr","locations":[{"start":{"line":80,"column":6},"end":{"line":80,"column":18}},{"start":{"line":80,"column":22},"end":{"line":80,"column":38}}],"line":80},"20":{"loc":{"start":{"line":83,"column":4},"end":{"line":90,"column":null}},"type":"if","locations":[{"start":{"line":83,"column":4},"end":{"line":90,"column":null}},{"start":{},"end":{}}],"line":83},"21":{"loc":{"start":{"line":105,"column":2},"end":{"line":105,"column":null}},"type":"if","locations":[{"start":{"line":105,"column":2},"end":{"line":105,"column":null}},{"start":{},"end":{}}],"line":105},"22":{"loc":{"start":{"line":109,"column":2},"end":{"line":116,"column":null}},"type":"if","locations":[{"start":{"line":109,"column":2},"end":{"line":116,"column":null}},{"start":{},"end":{}}],"line":109},"23":{"loc":{"start":{"line":124,"column":4},"end":{"line":127,"column":null}},"type":"if","locations":[{"start":{"line":124,"column":4},"end":{"line":127,"column":null}},{"start":{},"end":{}}],"line":124},"24":{"loc":{"start":{"line":124,"column":8},"end":{"line":124,"column":44}},"type":"binary-expr","locations":[{"start":{"line":124,"column":8},"end":{"line":124,"column":25}},{"start":{"line":124,"column":29},"end":{"line":124,"column":44}}],"line":124},"25":{"loc":{"start":{"line":125,"column":6},"end":{"line":125,"column":null}},"type":"if","locations":[{"start":{"line":125,"column":6},"end":{"line":125,"column":null}},{"start":{},"end":{}}],"line":125},"26":{"loc":{"start":{"line":145,"column":28},"end":{"line":145,"column":41}},"type":"default-arg","locations":[{"start":{"line":145,"column":34},"end":{"line":145,"column":41}}],"line":145},"27":{"loc":{"start":{"line":155,"column":36},"end":{"line":155,"column":78}},"type":"default-arg","locations":[{"start":{"line":155,"column":46},"end":{"line":155,"column":78}}],"line":155},"28":{"loc":{"start":{"line":157,"column":2},"end":{"line":157,"column":null}},"type":"if","locations":[{"start":{"line":157,"column":2},"end":{"line":157,"column":null}},{"start":{},"end":{}}],"line":157},"29":{"loc":{"start":{"line":157,"column":6},"end":{"line":157,"column":53}},"type":"binary-expr","locations":[{"start":{"line":157,"column":6},"end":{"line":157,"column":30}},{"start":{"line":157,"column":34},"end":{"line":157,"column":53}}],"line":157}},"s":{"0":1,"1":0,"2":0,"3":0,"4":0,"5":0,"6":0,"7":0,"8":0,"9":0,"10":0,"11":0,"12":0,"13":0,"14":1,"15":0,"16":0,"17":0,"18":0,"19":0,"20":0,"21":0,"22":1,"23":0,"24":0,"25":0,"26":0,"27":0,"28":0,"29":0,"30":0,"31":0,"32":0,"33":0,"34":0,"35":0,"36":0,"37":0,"38":0,"39":0,"40":0,"41":0,"42":0,"43":0,"44":0,"45":0,"46":0,"47":0,"48":0,"49":0,"50":0,"51":0,"52":0,"53":0,"54":0,"55":0,"56":0,"57":0,"58":0,"59":1,"60":0,"61":0,"62":1,"63":0,"64":0,"65":0,"66":0,"67":0,"68":0,"69":0},"f":{"0":0,"1":0,"2":0,"3":0,"4":0,"5":0},"b":{"0":[0,0],"1":[0,0],"2":[0,0],"3":[0,0,0,0,0,0,0,0],"4":[0,0],"5":[0,0],"6":[0,0],"7":[0],"8":[0,0],"9":[0,0],"10":[0,0],"11":[0],"12":[0,0],"13":[0,0],"14":[0,0],"15":[0,0],"16":[0,0,0],"17":[0,0],"18":[0,0],"19":[0,0],"20":[0,0],"21":[0,0],"22":[0,0],"23":[0,0],"24":[0,0],"25":[0,0],"26":[0],"27":[0],"28":[0,0],"29":[0,0]},"meta":{"lastBranch":30,"lastFunction":6,"lastStatement":70,"seen":{"s:7:34:33:1":0,"f:7:34:7:35":0,"s:8:14:8:25":1,"b:8:14:8:20:8:24:8:25":0,"b:9:2:9:Infinity:undefined:undefined:undefined:undefined":1,"s:9:2:9:Infinity":2,"s:9:12:9:Infinity":3,"b:10:2:10:Infinity:undefined:undefined:undefined:undefined":2,"s:10:2:10:Infinity":4,"s:10:31:10:Infinity":5,"s:13:4:20:40":6,"b:13:4:13:12:14:4:14:15:15:4:15:12:16:4:16:18:17:4:17:24:18:4:18:19:19:4:19:18:20:4:20:40":3,"s:22:21:22:62":7,"b:23:2:30:Infinity:undefined:undefined:undefined:undefined":4,"s:23:2:30:Infinity":8,"s:24:4:29:Infinity":9,"s:25:21:25:43":10,"s:26:6:26:Infinity":11,"b:26:13:26:22:26:26:26:28":5,"s:28:6:28:Infinity":12,"s:32:2:32:Infinity":13,"b:32:9:32:19:32:23:32:25":6,"s:42:29:50:1":14,"f:42:29:42:Infinity":1,"b:44:12:44:44":7,"b:46:2:46:Infinity:undefined:undefined:undefined:undefined":8,"s:46:2:46:Infinity":15,"s:46:27:46:Infinity":16,"b:47:2:47:Infinity:undefined:undefined:undefined:undefined":9,"s:47:2:47:Infinity":17,"s:47:37:47:Infinity":18,"b:48:2:48:Infinity:undefined:undefined:undefined:undefined":10,"s:48:2:48:Infinity":19,"s:48:29:48:Infinity":20,"s:49:2:49:Infinity":21,"s:59:28:137:1":22,"f:59:28:59:29":2,"b:59:45:59:78":11,"s:60:23:66:3":23,"b:68:2:68:Infinity:undefined:undefined:undefined:undefined":12,"s:68:2:68:Infinity":24,"s:68:13:68:Infinity":25,"s:70:2:70:Infinity":26,"b:71:2:71:Infinity:undefined:undefined:undefined:undefined":13,"s:71:2:71:Infinity":27,"s:71:13:71:Infinity":28,"s:73:14:73:50":29,"b:74:2:74:Infinity:undefined:undefined:undefined:undefined":14,"s:74:2:74:Infinity":30,"s:74:14:74:Infinity":31,"b:76:2:77:Infinity:undefined:undefined:undefined:undefined":15,"s:76:2:77:Infinity":32,"b:76:6:76:24:76:28:76:46:76:50:76:69":16,"s:77:4:77:Infinity":33,"s:79:22:79:62":34,"b:79:23:79:39:79:43:79:45":17,"b:80:2:102:Infinity:undefined:undefined:undefined:undefined":18,"s:80:2:102:Infinity":35,"b:80:6:80:18:80:22:80:38":19,"s:81:23:81:40":36,"b:83:4:90:Infinity:undefined:undefined:undefined:undefined":20,"s:83:4:90:Infinity":37,"s:84:6:90:Infinity":38,"s:92:20:92:59":39,"s:93:17:93:43":40,"s:95:4:101:Infinity":41,"s:104:15:104:46":42,"b:105:2:105:Infinity:undefined:undefined:undefined:undefined":21,"s:105:2:105:Infinity":43,"s:105:13:105:Infinity":44,"s:107:21:107:38":45,"b:109:2:116:Infinity:undefined:undefined:undefined:undefined":22,"s:109:2:116:Infinity":46,"s:110:4:116:Infinity":47,"s:118:18:118:57":48,"s:119:15:119:41":49,"s:121:15:121:17":50,"s:122:14:122:15":51,"s:123:2:128:Infinity":52,"s:123:15:123:16":53,"b:124:4:127:Infinity:undefined:undefined:undefined:undefined":23,"s:124:4:127:Infinity":54,"b:124:8:124:25:124:29:124:44":24,"b:125:6:125:Infinity:undefined:undefined:undefined:undefined":25,"s:125:6:125:Infinity":55,"s:125:21:125:Infinity":56,"s:126:6:126:Infinity":57,"s:130:2:136:Infinity":58,"s:145:27:146:54":59,"f:145:27:145:28":3,"s:146:2:146:54":60,"b:145:34:145:41":26,"f:146:31:146:32":4,"s:146:38:146:53":61,"s:155:29:164:1":62,"f:155:29:155:30":5,"b:155:46:155:78":27,"s:156:17:156:19":63,"b:157:2:157:Infinity:undefined:undefined:undefined:undefined":28,"s:157:2:157:Infinity":64,"b:157:6:157:30:157:34:157:53":29,"s:157:55:157:Infinity":65,"s:159:16:159:35":66,"s:161:2:161:Infinity":67,"s:161:46:161:Infinity":68,"s:163:2:163:Infinity":69}}}
,"/app/src/request.js": {"path":"/app/src/request.js","statementMap":{"0":{"start":{"line":3,"column":17},"end":{"line":11,"column":null}},"1":{"start":{"line":17,"column":20},"end":{"line":17,"column":36}},"2":{"start":{"line":28,"column":23},"end":{"line":28,"column":44}},"3":{"start":{"line":29,"column":22},"end":{"line":29,"column":80}},"4":{"start":{"line":29,"column":39},"end":{"line":29,"column":57}},"5":{"start":{"line":31,"column":4},"end":{"line":65,"column":null}},"6":{"start":{"line":32,"column":6},"end":{"line":32,"column":null}},"7":{"start":{"line":33,"column":23},"end":{"line":33,"column":48}},"8":{"start":{"line":35,"column":6},"end":{"line":38,"column":null}},"9":{"start":{"line":36,"column":8},"end":{"line":36,"column":null}},"10":{"start":{"line":37,"column":8},"end":{"line":37,"column":null}},"11":{"start":{"line":40,"column":26},"end":{"line":40,"column":62}},"12":{"start":{"line":42,"column":6},"end":{"line":49,"column":null}},"13":{"start":{"line":48,"column":8},"end":{"line":48,"column":null}},"14":{"start":{"line":51,"column":6},"end":{"line":53,"column":null}},"15":{"start":{"line":52,"column":8},"end":{"line":52,"column":null}},"16":{"start":{"line":56,"column":19},"end":{"line":56,"column":40}},"17":{"start":{"line":57,"column":6},"end":{"line":57,"column":null}},"18":{"start":{"line":59,"column":6},"end":{"line":61,"column":null}},"19":{"start":{"line":60,"column":8},"end":{"line":60,"column":null}},"20":{"start":{"line":62,"column":6},"end":{"line":62,"column":null}},"21":{"start":{"line":64,"column":6},"end":{"line":64,"column":null}},"22":{"start":{"line":69,"column":22},"end":{"line":69,"column":65}},"23":{"start":{"line":70,"column":16},"end":{"line":70,"column":43}},"24":{"start":{"line":72,"column":4},"end":{"line":74,"column":null}},"25":{"start":{"line":73,"column":6},"end":{"line":73,"column":null}},"26":{"start":{"line":76,"column":4},"end":{"line":76,"column":null}},"27":{"start":{"line":80,"column":20},"end":{"line":80,"column":37}},"28":{"start":{"line":81,"column":4},"end":{"line":83,"column":null}},"29":{"start":{"line":82,"column":6},"end":{"line":82,"column":null}},"30":{"start":{"line":85,"column":16},"end":{"line":85,"column":53}},"31":{"start":{"line":86,"column":4},"end":{"line":86,"column":null}},"32":{"start":{"line":97,"column":23},"end":{"line":97,"column":44}},"33":{"start":{"line":98,"column":22},"end":{"line":98,"column":80}},"34":{"start":{"line":98,"column":39},"end":{"line":98,"column":57}},"35":{"start":{"line":100,"column":4},"end":{"line":116,"column":null}},"36":{"start":{"line":101,"column":23},"end":{"line":104,"column":8}},"37":{"start":{"line":106,"column":6},"end":{"line":106,"column":null}},"38":{"start":{"line":106,"column":24},"end":{"line":106,"column":null}},"39":{"start":{"line":108,"column":6},"end":{"line":108,"column":null}},"40":{"start":{"line":110,"column":6},"end":{"line":112,"column":null}},"41":{"start":{"line":111,"column":8},"end":{"line":111,"column":null}},"42":{"start":{"line":113,"column":6},"end":{"line":113,"column":null}},"43":{"start":{"line":115,"column":6},"end":{"line":115,"column":null}},"44":{"start":{"line":127,"column":42},"end":{"line":127,"column":96}},"45":{"start":{"line":136,"column":42},"end":{"line":136,"column":93}},"46":{"start":{"line":145,"column":42},"end":{"line":145,"column":96}},"47":{"start":{"line":154,"column":42},"end":{"line":154,"column":96}},"48":{"start":{"line":163,"column":42},"end":{"line":163,"column":97}},"49":{"start":{"line":172,"column":39},"end":{"line":172,"column":91}},"50":{"start":{"line":181,"column":40},"end":{"line":181,"column":93}},"51":{"start":{"line":188,"column":19},"end":{"line":188,"column":34}}},"fnMap":{"0":{"name":"(anonymous_0)","decl":{"start":{"line":27,"column":8},"end":{"line":27,"column":15}},"loc":{"start":{"line":27,"column":35},"end":{"line":66,"column":null}},"line":27},"1":{"name":"(anonymous_1)","decl":{"start":{"line":29,"column":33},"end":{"line":29,"column":34}},"loc":{"start":{"line":29,"column":39},"end":{"line":29,"column":57}},"line":29},"2":{"name":"(anonymous_2)","decl":{"start":{"line":68,"column":2},"end":{"line":68,"column":11}},"loc":{"start":{"line":68,"column":35},"end":{"line":77,"column":null}},"line":68},"3":{"name":"(anonymous_3)","decl":{"start":{"line":79,"column":8},"end":{"line":79,"column":16}},"loc":{"start":{"line":79,"column":59},"end":{"line":87,"column":null}},"line":79},"4":{"name":"(anonymous_4)","decl":{"start":{"line":96,"column":8},"end":{"line":96,"column":22}},"loc":{"start":{"line":96,"column":28},"end":{"line":117,"column":null}},"line":96},"5":{"name":"(anonymous_5)","decl":{"start":{"line":98,"column":33},"end":{"line":98,"column":34}},"loc":{"start":{"line":98,"column":39},"end":{"line":98,"column":57}},"line":98},"6":{"name":"(anonymous_6)","decl":{"start":{"line":127,"column":8},"end":{"line":127,"column":14}},"loc":{"start":{"line":127,"column":40},"end":{"line":127,"column":null}},"line":127},"7":{"name":"(anonymous_7)","decl":{"start":{"line":136,"column":8},"end":{"line":136,"column":11}},"loc":{"start":{"line":136,"column":40},"end":{"line":136,"column":null}},"line":136},"8":{"name":"(anonymous_8)","decl":{"start":{"line":145,"column":8},"end":{"line":145,"column":14}},"loc":{"start":{"line":145,"column":40},"end":{"line":145,"column":null}},"line":145},"9":{"name":"(anonymous_9)","decl":{"start":{"line":154,"column":8},"end":{"line":154,"column":14}},"loc":{"start":{"line":154,"column":40},"end":{"line":154,"column":null}},"line":154},"10":{"name":"(anonymous_10)","decl":{"start":{"line":163,"column":8},"end":{"line":163,"column":15}},"loc":{"start":{"line":163,"column":40},"end":{"line":163,"column":null}},"line":163},"11":{"name":"(anonymous_11)","decl":{"start":{"line":172,"column":8},"end":{"line":172,"column":12}},"loc":{"start":{"line":172,"column":37},"end":{"line":172,"column":null}},"line":172},"12":{"name":"(anonymous_12)","decl":{"start":{"line":181,"column":8},"end":{"line":181,"column":13}},"loc":{"start":{"line":181,"column":38},"end":{"line":181,"column":null}},"line":181}},"branchMap":{"0":{"loc":{"start":{"line":27,"column":21},"end":{"line":27,"column":33}},"type":"default-arg","locations":[{"start":{"line":27,"column":31},"end":{"line":27,"column":33}}],"line":27},"1":{"loc":{"start":{"line":35,"column":6},"end":{"line":38,"column":null}},"type":"if","locations":[{"start":{"line":35,"column":6},"end":{"line":38,"column":null}},{"start":{},"end":{}}],"line":35},"2":{"loc":{"start":{"line":42,"column":6},"end":{"line":49,"column":null}},"type":"if","locations":[{"start":{"line":42,"column":6},"end":{"line":49,"column":null}},{"start":{},"end":{}}],"line":42},"3":{"loc":{"start":{"line":43,"column":7},"end":{"line":46,"column":null}},"type":"binary-expr","locations":[{"start":{"line":43,"column":7},"end":{"line":43,"column":32}},{"start":{"line":44,"column":7},"end":{"line":44,"column":32}},{"start":{"line":45,"column":7},"end":{"line":45,"column":32}},{"start":{"line":46,"column":8},"end":{"line":46,"column":null}}],"line":43},"4":{"loc":{"start":{"line":51,"column":6},"end":{"line":53,"column":null}},"type":"if","locations":[{"start":{"line":51,"column":6},"end":{"line":53,"column":null}},{"start":{},"end":{}}],"line":51},"5":{"loc":{"start":{"line":57,"column":13},"end":{"line":57,"column":43}},"type":"cond-expr","locations":[{"start":{"line":57,"column":20},"end":{"line":57,"column":36}},{"start":{"line":57,"column":39},"end":{"line":57,"column":43}}],"line":57},"6":{"loc":{"start":{"line":59,"column":6},"end":{"line":61,"column":null}},"type":"if","locations":[{"start":{"line":59,"column":6},"end":{"line":61,"column":null}},{"start":{},"end":{}}],"line":59},"7":{"loc":{"start":{"line":69,"column":22},"end":{"line":69,"column":65}},"type":"cond-expr","locations":[{"start":{"line":69,"column":45},"end":{"line":69,"column":58}},{"start":{"line":69,"column":61},"end":{"line":69,"column":65}}],"line":69},"8":{"loc":{"start":{"line":72,"column":4},"end":{"line":74,"column":null}},"type":"if","locations":[{"start":{"line":72,"column":4},"end":{"line":74,"column":null}},{"start":{},"end":{}}],"line":72},"9":{"loc":{"start":{"line":72,"column":8},"end":{"line":72,"column":48}},"type":"binary-expr","locations":[{"start":{"line":72,"column":8},"end":{"line":72,"column":14}},{"start":{"line":72,"column":18},"end":{"line":72,"column":48}}],"line":72},"10":{"loc":{"start":{"line":79,"column":26},"end":{"line":79,"column":35}},"type":"default-arg","locations":[{"start":{"line":79,"column":33},"end":{"line":79,"column":35}}],"line":79},"11":{"loc":{"start":{"line":79,"column":37},"end":{"line":79,"column":48}},"type":"default-arg","locations":[{"start":{"line":79,"column":46},"end":{"line":79,"column":48}}],"line":79},"12":{"loc":{"start":{"line":81,"column":4},"end":{"line":83,"column":null}},"type":"if","locations":[{"start":{"line":81,"column":4},"end":{"line":83,"column":null}},{"start":{},"end":{}}],"line":81},"13":{"loc":{"start":{"line":106,"column":6},"end":{"line":106,"column":null}},"type":"if","locations":[{"start":{"line":106,"column":6},"end":{"line":106,"column":null}},{"start":{},"end":{}}],"line":106},"14":{"loc":{"start":{"line":110,"column":6},"end":{"line":112,"column":null}},"type":"if","locations":[{"start":{"line":110,"column":6},"end":{"line":112,"column":null}},{"start":{},"end":{}}],"line":110}},"s":{"0":2,"1":2,"2":0,"3":0,"4":0,"5":0,"6":0,"7":0,"8":0,"9":0,"10":0,"11":0,"12":0,"13":0,"14":0,"15":0,"16":0,"17":0,"18":0,"19":0,"20":0,"21":0,"22":0,"23":0,"24":0,"25":0,"26":0,"27":0,"28":0,"29":0,"30":0,"31":0,"32":0,"33":0,"34":0,"35":0,"36":0,"37":0,"38":0,"39":0,"40":0,"41":0,"42":0,"43":0,"44":0,"45":0,"46":0,"47":0,"48":0,"49":0,"50":0,"51":2},"f":{"0":0,"1":0,"2":0,"3":0,"4":0,"5":0,"6":0,"7":0,"8":0,"9":0,"10":0,"11":0,"12":0},"b":{"0":[0],"1":[0,0],"2":[0,0],"3":[0,0,0,0],"4":[0,0],"5":[0,0],"6":[0,0],"7":[0,0],"8":[0,0],"9":[0,0],"10":[0],"11":[0],"12":[0,0],"13":[0,0],"14":[0,0]},"meta":{"lastBranch":15,"lastFunction":13,"lastStatement":52,"seen":{"s:3:17:11:Infinity":0,"s:17:20:17:36":1,"f:27:8:27:15":0,"b:27:31:27:33":0,"s:28:23:28:44":2,"s:29:22:29:80":3,"f:29:33:29:34":1,"s:29:39:29:57":4,"s:31:4:65:Infinity":5,"s:32:6:32:Infinity":6,"s:33:23:33:48":7,"b:35:6:38:Infinity:undefined:undefined:undefined:undefined":1,"s:35:6:38:Infinity":8,"s:36:8:36:Infinity":9,"s:37:8:37:Infinity":10,"s:40:26:40:62":11,"b:42:6:49:Infinity:undefined:undefined:undefined:undefined":2,"s:42:6:49:Infinity":12,"b:43:7:43:32:44:7:44:32:45:7:45:32:46:8:46:Infinity":3,"s:48:8:48:Infinity":13,"b:51:6:53:Infinity:undefined:undefined:undefined:undefined":4,"s:51:6:53:Infinity":14,"s:52:8:52:Infinity":15,"s:56:19:56:40":16,"s:57:6:57:Infinity":17,"b:57:20:57:36:57:39:57:43":5,"b:59:6:61:Infinity:undefined:undefined:undefined:undefined":6,"s:59:6:61:Infinity":18,"s:60:8:60:Infinity":19,"s:62:6:62:Infinity":20,"s:64:6:64:Infinity":21,"f:68:2:68:11":2,"s:69:22:69:65":22,"b:69:45:69:58:69:61:69:65":7,"s:70:16:70:43":23,"b:72:4:74:Infinity:undefined:undefined:undefined:undefined":8,"s:72:4:74:Infinity":24,"b:72:8:72:14:72:18:72:48":9,"s:73:6:73:Infinity":25,"s:76:4:76:Infinity":26,"f:79:8:79:16":3,"b:79:33:79:35":10,"b:79:46:79:48":11,"s:80:20:80:37":27,"b:81:4:83:Infinity:undefined:undefined:undefined:undefined":12,"s:81:4:83:Infinity":28,"s:82:6:82:Infinity":29,"s:85:16:85:53":30,"s:86:4:86:Infinity":31,"f:96:8:96:22":4,"s:97:23:97:44":32,"s:98:22:98:80":33,"f:98:33:98:34":5,"s:98:39:98:57":34,"s:100:4:116:Infinity":35,"s:101:23:104:8":36,"b:106:6:106:Infinity:undefined:undefined:undefined:undefined":13,"s:106:6:106:Infinity":37,"s:106:24:106:Infinity":38,"s:108:6:108:Infinity":39,"b:110:6:112:Infinity:undefined:undefined:undefined:undefined":14,"s:110:6:112:Infinity":40,"s:111:8:111:Infinity":41,"s:113:6:113:Infinity":42,"s:115:6:115:Infinity":43,"f:127:8:127:14":6,"s:127:42:127:96":44,"f:136:8:136:11":7,"s:136:42:136:93":45,"f:145:8:145:14":8,"s:145:42:145:96":46,"f:154:8:154:14":9,"s:154:42:154:96":47,"f:163:8:163:15":10,"s:163:42:163:97":48,"f:172:8:172:12":11,"s:172:39:172:91":49,"f:181:8:181:13":12,"s:181:40:181:93":50,"s:188:19:188:34":51}}}
,"/app/src/string.js": {"path":"/app/src/string.js","statementMap":{"0":{"start":{"line":8,"column":27},"end":{"line":34,"column":1}},"1":{"start":{"line":9,"column":2},"end":{"line":9,"column":null}},"2":{"start":{"line":9,"column":23},"end":{"line":9,"column":null}},"3":{"start":{"line":10,"column":2},"end":{"line":10,"column":null}},"4":{"start":{"line":10,"column":21},"end":{"line":10,"column":null}},"5":{"start":{"line":11,"column":2},"end":{"line":11,"column":null}},"6":{"start":{"line":11,"column":21},"end":{"line":11,"column":null}},"7":{"start":{"line":13,"column":13},"end":{"line":13,"column":40}},"8":{"start":{"line":14,"column":13},"end":{"line":14,"column":40}},"9":{"start":{"line":16,"column":2},"end":{"line":16,"column":null}},"10":{"start":{"line":16,"column":15},"end":{"line":16,"column":16}},"11":{"start":{"line":16,"column":42},"end":{"line":16,"column":null}},"12":{"start":{"line":18,"column":2},"end":{"line":31,"column":null}},"13":{"start":{"line":18,"column":15},"end":{"line":18,"column":16}},"14":{"start":{"line":19,"column":4},"end":{"line":19,"column":null}},"15":{"start":{"line":20,"column":17},"end":{"line":20,"column":22}},"16":{"start":{"line":22,"column":4},"end":{"line":26,"column":null}},"17":{"start":{"line":22,"column":17},"end":{"line":22,"column":18}},"18":{"start":{"line":23,"column":19},"end":{"line":23,"column":48}},"19":{"start":{"line":24,"column":6},"end":{"line":24,"column":null}},"20":{"start":{"line":25,"column":6},"end":{"line":25,"column":null}},"21":{"start":{"line":28,"column":4},"end":{"line":28,"column":null}},"22":{"start":{"line":28,"column":30},"end":{"line":28,"column":null}},"23":{"start":{"line":30,"column":4},"end":{"line":30,"column":null}},"24":{"start":{"line":30,"column":17},"end":{"line":30,"column":18}},"25":{"start":{"line":30,"column":44},"end":{"line":30,"column":null}},"26":{"start":{"line":33,"column":2},"end":{"line":33,"column":null}},"27":{"start":{"line":43,"column":34},"end":{"line":55,"column":1}},"28":{"start":{"line":44,"column":16},"end":{"line":44,"column":56}},"29":{"start":{"line":45,"column":2},"end":{"line":45,"column":null}},"30":{"start":{"line":45,"column":14},"end":{"line":45,"column":null}},"31":{"start":{"line":47,"column":2},"end":{"line":54,"column":null}},"32":{"start":{"line":48,"column":23},"end":{"line":51,"column":5}},"33":{"start":{"line":52,"column":20},"end":{"line":52,"column":43}},"34":{"start":{"line":54,"column":19},"end":{"line":54,"column":31}},"35":{"start":{"line":64,"column":12},"end":{"line":64,"column":44}},"36":{"start":{"line":65,"column":2},"end":{"line":68,"column":null}},"37":{"start":{"line":77,"column":23},"end":{"line":87,"column":3}},"38":{"start":{"line":89,"column":2},"end":{"line":89,"column":null}},"39":{"start":{"line":89,"column":34},"end":{"line":89,"column":46}}},"fnMap":{"0":{"name":"(anonymous_0)","decl":{"start":{"line":8,"column":27},"end":{"line":8,"column":28}},"loc":{"start":{"line":8,"column":69},"end":{"line":34,"column":1}},"line":8},"1":{"name":"(anonymous_1)","decl":{"start":{"line":43,"column":34},"end":{"line":43,"column":35}},"loc":{"start":{"line":43,"column":71},"end":{"line":55,"column":1}},"line":43},"2":{"name":"(anonymous_2)","decl":{"start":{"line":48,"column":9},"end":{"line":48,"column":10}},"loc":{"start":{"line":48,"column":23},"end":{"line":51,"column":5}},"line":48},"3":{"name":"(anonymous_3)","decl":{"start":{"line":52,"column":10},"end":{"line":52,"column":11}},"loc":{"start":{"line":52,"column":20},"end":{"line":52,"column":43}},"line":52},"4":{"name":"(anonymous_4)","decl":{"start":{"line":54,"column":9},"end":{"line":54,"column":10}},"loc":{"start":{"line":54,"column":19},"end":{"line":54,"column":31}},"line":54},"5":{"name":"escapeHTML","decl":{"start":{"line":63,"column":16},"end":{"line":63,"column":26}},"loc":{"start":{"line":63,"column":38},"end":{"line":69,"column":null}},"line":63},"6":{"name":"looksLikeCode","decl":{"start":{"line":76,"column":16},"end":{"line":76,"column":29}},"loc":{"start":{"line":76,"column":41},"end":{"line":90,"column":null}},"line":76},"7":{"name":"(anonymous_7)","decl":{"start":{"line":89,"column":27},"end":{"line":89,"column":28}},"loc":{"start":{"line":89,"column":34},"end":{"line":89,"column":46}},"line":89}},"branchMap":{"0":{"loc":{"start":{"line":8,"column":42},"end":{"line":8,"column":64}},"type":"default-arg","locations":[{"start":{"line":8,"column":56},"end":{"line":8,"column":64}}],"line":8},"1":{"loc":{"start":{"line":9,"column":2},"end":{"line":9,"column":null}},"type":"if","locations":[{"start":{"line":9,"column":2},"end":{"line":9,"column":null}},{"start":{},"end":{}}],"line":9},"2":{"loc":{"start":{"line":10,"column":2},"end":{"line":10,"column":null}},"type":"if","locations":[{"start":{"line":10,"column":2},"end":{"line":10,"column":null}},{"start":{},"end":{}}],"line":10},"3":{"loc":{"start":{"line":11,"column":2},"end":{"line":11,"column":null}},"type":"if","locations":[{"start":{"line":11,"column":2},"end":{"line":11,"column":null}},{"start":{},"end":{}}],"line":11},"4":{"loc":{"start":{"line":23,"column":19},"end":{"line":23,"column":48}},"type":"cond-expr","locations":[{"start":{"line":23,"column":43},"end":{"line":23,"column":44}},{"start":{"line":23,"column":47},"end":{"line":23,"column":48}}],"line":23},"5":{"loc":{"start":{"line":28,"column":4},"end":{"line":28,"column":null}},"type":"if","locations":[{"start":{"line":28,"column":4},"end":{"line":28,"column":null}},{"start":{},"end":{}}],"line":28},"6":{"loc":{"start":{"line":43,"column":42},"end":{"line":43,"column":55}},"type":"default-arg","locations":[{"start":{"line":43,"column":53},"end":{"line":43,"column":55}}],"line":43},"7":{"loc":{"start":{"line":43,"column":57},"end":{"line":43,"column":66}},"type":"default-arg","locations":[{"start":{"line":43,"column":65},"end":{"line":43,"column":66}}],"line":43},"8":{"loc":{"start":{"line":44,"column":23},"end":{"line":44,"column":34}},"type":"binary-expr","locations":[{"start":{"line":44,"column":23},"end":{"line":44,"column":28}},{"start":{"line":44,"column":32},"end":{"line":44,"column":34}}],"line":44},"9":{"loc":{"start":{"line":45,"column":2},"end":{"line":45,"column":null}},"type":"if","locations":[{"start":{"line":45,"column":2},"end":{"line":45,"column":null}},{"start":{},"end":{}}],"line":45},"10":{"loc":{"start":{"line":63,"column":27},"end":{"line":63,"column":36}},"type":"default-arg","locations":[{"start":{"line":63,"column":34},"end":{"line":63,"column":36}}],"line":63},"11":{"loc":{"start":{"line":64,"column":12},"end":{"line":64,"column":44}},"type":"cond-expr","locations":[{"start":{"line":64,"column":27},"end":{"line":64,"column":29}},{"start":{"line":64,"column":32},"end":{"line":64,"column":44}}],"line":64},"12":{"loc":{"start":{"line":76,"column":30},"end":{"line":76,"column":39}},"type":"default-arg","locations":[{"start":{"line":76,"column":37},"end":{"line":76,"column":39}}],"line":76}},"s":{"0":2,"1":7,"2":1,"3":6,"4":1,"5":5,"6":1,"7":4,"8":4,"9":4,"10":4,"11":25,"12":4,"13":4,"14":15,"15":15,"16":15,"17":15,"18":84,"19":84,"20":84,"21":15,"22":0,"23":15,"24":15,"25":99,"26":4,"27":2,"28":3,"29":3,"30":1,"31":2,"32":3,"33":2,"34":3,"35":3,"36":3,"37":12,"38":12,"39":72},"f":{"0":7,"1":3,"2":3,"3":2,"4":3,"5":3,"6":12,"7":72},"b":{"0":[7],"1":[1,6],"2":[1,5],"3":[1,4],"4":[15,69],"5":[0,15],"6":[3],"7":[3],"8":[3,1],"9":[1,2],"10":[3],"11":[1,2],"12":[12]},"meta":{"lastBranch":13,"lastFunction":8,"lastStatement":40,"seen":{"s:8:27:34:1":0,"f:8:27:8:28":0,"b:8:56:8:64":0,"b:9:2:9:Infinity:undefined:undefined:undefined:undefined":1,"s:9:2:9:Infinity":1,"s:9:23:9:Infinity":2,"b:10:2:10:Infinity:undefined:undefined:undefined:undefined":2,"s:10:2:10:Infinity":3,"s:10:21:10:Infinity":4,"b:11:2:11:Infinity:undefined:undefined:undefined:undefined":3,"s:11:2:11:Infinity":5,"s:11:21:11:Infinity":6,"s:13:13:13:40":7,"s:14:13:14:40":8,"s:16:2:16:Infinity":9,"s:16:15:16:16":10,"s:16:42:16:Infinity":11,"s:18:2:31:Infinity":12,"s:18:15:18:16":13,"s:19:4:19:Infinity":14,"s:20:17:20:22":15,"s:22:4:26:Infinity":16,"s:22:17:22:18":17,"s:23:19:23:48":18,"b:23:43:23:44:23:47:23:48":4,"s:24:6:24:Infinity":19,"s:25:6:25:Infinity":20,"b:28:4:28:Infinity:undefined:undefined:undefined:undefined":5,"s:28:4:28:Infinity":21,"s:28:30:28:Infinity":22,"s:30:4:30:Infinity":23,"s:30:17:30:18":24,"s:30:44:30:Infinity":25,"s:33:2:33:Infinity":26,"s:43:34:55:1":27,"f:43:34:43:35":1,"b:43:53:43:55":6,"b:43:65:43:66":7,"s:44:16:44:56":28,"b:44:23:44:28:44:32:44:34":8,"b:45:2:45:Infinity:undefined:undefined:undefined:undefined":9,"s:45:2:45:Infinity":29,"s:45:14:45:Infinity":30,"s:47:2:54:Infinity":31,"f:48:9:48:10":2,"s:48:23:51:5":32,"f:52:10:52:11":3,"s:52:20:52:43":33,"f:54:9:54:10":4,"s:54:19:54:31":34,"f:63:16:63:26":5,"b:63:34:63:36":10,"s:64:12:64:44":35,"b:64:27:64:29:64:32:64:44":11,"s:65:2:68:Infinity":36,"f:76:16:76:29":6,"b:76:37:76:39":12,"s:77:23:87:3":37,"s:89:2:89:Infinity":38,"f:89:27:89:28":7,"s:89:34:89:46":39}}}
,"/app/src/validation.js": {"path":"/app/src/validation.js","statementMap":{"0":{"start":{"line":6,"column":27},"end":{"line":7,"column":54}},"1":{"start":{"line":7,"column":2},"end":{"line":7,"column":54}},"2":{"start":{"line":14,"column":27},"end":{"line":15,"column":54}},"3":{"start":{"line":15,"column":2},"end":{"line":15,"column":54}},"4":{"start":{"line":22,"column":25},"end":{"line":23,"column":50}},"5":{"start":{"line":23,"column":2},"end":{"line":23,"column":50}},"6":{"start":{"line":30,"column":26},"end":{"line":31,"column":51}},"7":{"start":{"line":31,"column":2},"end":{"line":31,"column":51}},"8":{"start":{"line":38,"column":27},"end":{"line":39,"column":54}},"9":{"start":{"line":39,"column":2},"end":{"line":39,"column":54}},"10":{"start":{"line":46,"column":29},"end":{"line":49,"column":1}},"11":{"start":{"line":47,"column":2},"end":{"line":47,"column":null}},"12":{"start":{"line":47,"column":26},"end":{"line":47,"column":null}},"13":{"start":{"line":48,"column":2},"end":{"line":48,"column":null}},"14":{"start":{"line":56,"column":21},"end":{"line":60,"column":1}},"15":{"start":{"line":57,"column":2},"end":{"line":57,"column":null}},"16":{"start":{"line":57,"column":34},"end":{"line":57,"column":null}},"17":{"start":{"line":58,"column":19},"end":{"line":58,"column":43}},"18":{"start":{"line":59,"column":2},"end":{"line":59,"column":null}},"19":{"start":{"line":67,"column":29},"end":{"line":72,"column":1}},"20":{"start":{"line":68,"column":2},"end":{"line":68,"column":null}},"21":{"start":{"line":68,"column":34},"end":{"line":68,"column":null}},"22":{"start":{"line":70,"column":4},"end":{"line":70,"column":155}},"23":{"start":{"line":71,"column":2},"end":{"line":71,"column":null}}},"fnMap":{"0":{"name":"(anonymous_0)","decl":{"start":{"line":6,"column":27},"end":{"line":6,"column":28}},"loc":{"start":{"line":7,"column":2},"end":{"line":7,"column":54}},"line":7},"1":{"name":"(anonymous_1)","decl":{"start":{"line":14,"column":27},"end":{"line":14,"column":28}},"loc":{"start":{"line":15,"column":2},"end":{"line":15,"column":54}},"line":15},"2":{"name":"(anonymous_2)","decl":{"start":{"line":22,"column":25},"end":{"line":22,"column":26}},"loc":{"start":{"line":23,"column":2},"end":{"line":23,"column":50}},"line":23},"3":{"name":"(anonymous_3)","decl":{"start":{"line":30,"column":26},"end":{"line":30,"column":27}},"loc":{"start":{"line":31,"column":2},"end":{"line":31,"column":51}},"line":31},"4":{"name":"(anonymous_4)","decl":{"start":{"line":38,"column":27},"end":{"line":38,"column":28}},"loc":{"start":{"line":39,"column":2},"end":{"line":39,"column":54}},"line":39},"5":{"name":"(anonymous_5)","decl":{"start":{"line":46,"column":29},"end":{"line":46,"column":30}},"loc":{"start":{"line":46,"column":41},"end":{"line":49,"column":1}},"line":46},"6":{"name":"(anonymous_6)","decl":{"start":{"line":56,"column":21},"end":{"line":56,"column":22}},"loc":{"start":{"line":56,"column":33},"end":{"line":60,"column":1}},"line":56},"7":{"name":"(anonymous_7)","decl":{"start":{"line":67,"column":29},"end":{"line":67,"column":30}},"loc":{"start":{"line":67,"column":41},"end":{"line":72,"column":1}},"line":67}},"branchMap":{"0":{"loc":{"start":{"line":7,"column":2},"end":{"line":7,"column":54}},"type":"binary-expr","locations":[{"start":{"line":7,"column":2},"end":{"line":7,"column":26}},{"start":{"line":7,"column":30},"end":{"line":7,"column":54}}],"line":7},"1":{"loc":{"start":{"line":15,"column":2},"end":{"line":15,"column":54}},"type":"binary-expr","locations":[{"start":{"line":15,"column":2},"end":{"line":15,"column":26}},{"start":{"line":15,"column":30},"end":{"line":15,"column":54}}],"line":15},"2":{"loc":{"start":{"line":23,"column":2},"end":{"line":23,"column":50}},"type":"binary-expr","locations":[{"start":{"line":23,"column":2},"end":{"line":23,"column":26}},{"start":{"line":23,"column":30},"end":{"line":23,"column":50}}],"line":23},"3":{"loc":{"start":{"line":31,"column":2},"end":{"line":31,"column":51}},"type":"binary-expr","locations":[{"start":{"line":31,"column":2},"end":{"line":31,"column":26}},{"start":{"line":31,"column":30},"end":{"line":31,"column":51}}],"line":31},"4":{"loc":{"start":{"line":39,"column":2},"end":{"line":39,"column":54}},"type":"binary-expr","locations":[{"start":{"line":39,"column":2},"end":{"line":39,"column":26}},{"start":{"line":39,"column":30},"end":{"line":39,"column":54}}],"line":39},"5":{"loc":{"start":{"line":57,"column":2},"end":{"line":57,"column":null}},"type":"if","locations":[{"start":{"line":57,"column":2},"end":{"line":57,"column":null}},{"start":{},"end":{}}],"line":57},"6":{"loc":{"start":{"line":59,"column":9},"end":{"line":59,"column":54}},"type":"binary-expr","locations":[{"start":{"line":59,"column":9},"end":{"line":59,"column":29}},{"start":{"line":59,"column":33},"end":{"line":59,"column":54}}],"line":59},"7":{"loc":{"start":{"line":68,"column":2},"end":{"line":68,"column":null}},"type":"if","locations":[{"start":{"line":68,"column":2},"end":{"line":68,"column":null}},{"start":{},"end":{}}],"line":68},"8":{"loc":{"start":{"line":71,"column":9},"end":{"line":71,"column":70}},"type":"binary-expr","locations":[{"start":{"line":71,"column":9},"end":{"line":71,"column":40}},{"start":{"line":71,"column":44},"end":{"line":71,"column":70}}],"line":71}},"s":{"0":3,"1":1,"2":3,"3":1,"4":3,"5":1,"6":3,"7":1,"8":3,"9":1,"10":3,"11":2,"12":1,"13":1,"14":3,"15":3,"16":1,"17":2,"18":2,"19":3,"20":3,"21":0,"22":3,"23":3},"f":{"0":1,"1":1,"2":1,"3":1,"4":1,"5":2,"6":3,"7":3},"b":{"0":[1,1],"1":[1,1],"2":[1,1],"3":[1,1],"4":[1,1],"5":[1,2],"6":[2,1],"7":[0,3],"8":[3,2]},"meta":{"lastBranch":9,"lastFunction":8,"lastStatement":24,"seen":{"s:6:27:7:54":0,"f:6:27:6:28":0,"s:7:2:7:54":1,"b:7:2:7:26:7:30:7:54":0,"s:14:27:15:54":2,"f:14:27:14:28":1,"s:15:2:15:54":3,"b:15:2:15:26:15:30:15:54":1,"s:22:25:23:50":4,"f:22:25:22:26":2,"s:23:2:23:50":5,"b:23:2:23:26:23:30:23:50":2,"s:30:26:31:51":6,"f:30:26:30:27":3,"s:31:2:31:51":7,"b:31:2:31:26:31:30:31:51":3,"s:38:27:39:54":8,"f:38:27:38:28":4,"s:39:2:39:54":9,"b:39:2:39:26:39:30:39:54":4,"s:46:29:49:1":10,"f:46:29:46:30":5,"s:47:2:47:Infinity":11,"s:47:26:47:Infinity":12,"s:48:2:48:Infinity":13,"s:56:21:60:1":14,"f:56:21:56:22":6,"b:57:2:57:Infinity:undefined:undefined:undefined:undefined":5,"s:57:2:57:Infinity":15,"s:57:34:57:Infinity":16,"s:58:19:58:43":17,"s:59:2:59:Infinity":18,"b:59:9:59:29:59:33:59:54":6,"s:67:29:72:1":19,"f:67:29:67:30":7,"b:68:2:68:Infinity:undefined:undefined:undefined:undefined":7,"s:68:2:68:Infinity":20,"s:68:34:68:Infinity":21,"s:70:4:70:155":22,"s:71:2:71:Infinity":23,"b:71:9:71:40:71:44:71:70":8}}}
,"/app/src/watcher.js": {"path":"/app/src/watcher.js","statementMap":{"0":{"start":{"line":13,"column":25},"end":{"line":13,"column":34}},"1":{"start":{"line":18,"column":27},"end":{"line":18,"column":36}},"2":{"start":{"line":23,"column":28},"end":{"line":23,"column":37}},"3":{"start":{"line":28,"column":26},"end":{"line":28,"column":35}},"4":{"start":{"line":29,"column":19},"end":{"line":29,"column":28}},"5":{"start":{"line":31,"column":25},"end":{"line":31,"column":77}},"6":{"start":{"line":31,"column":37},"end":{"line":31,"column":77}},"7":{"start":{"line":38,"column":27},"end":{"line":46,"column":1}},"8":{"start":{"line":39,"column":2},"end":{"line":45,"column":null}},"9":{"start":{"line":40,"column":4},"end":{"line":44,"column":null}},"10":{"start":{"line":41,"column":6},"end":{"line":44,"column":null}},"11":{"start":{"line":42,"column":8},"end":{"line":42,"column":null}},"12":{"start":{"line":42,"column":39},"end":{"line":42,"column":null}},"13":{"start":{"line":43,"column":8},"end":{"line":43,"column":null}},"14":{"start":{"line":45,"column":9},"end":{"line":45,"column":null}},"15":{"start":{"line":48,"column":22},"end":{"line":59,"column":1}},"16":{"start":{"line":49,"column":23},"end":{"line":49,"column":48}},"17":{"start":{"line":50,"column":2},"end":{"line":50,"column":null}},"18":{"start":{"line":50,"column":21},"end":{"line":50,"column":null}},"19":{"start":{"line":52,"column":2},"end":{"line":56,"column":null}},"20":{"start":{"line":53,"column":4},"end":{"line":55,"column":null}},"21":{"start":{"line":54,"column":6},"end":{"line":55,"column":null}},"22":{"start":{"line":55,"column":8},"end":{"line":55,"column":null}},"23":{"start":{"line":56,"column":9},"end":{"line":56,"column":null}},"24":{"start":{"line":58,"column":2},"end":{"line":58,"column":null}},"25":{"start":{"line":61,"column":19},"end":{"line":78,"column":1}},"26":{"start":{"line":62,"column":2},"end":{"line":77,"column":null}},"27":{"start":{"line":63,"column":16},"end":{"line":65,"column":5}},"28":{"start":{"line":66,"column":16},"end":{"line":66,"column":38}},"29":{"start":{"line":67,"column":19},"end":{"line":67,"column":37}},"30":{"start":{"line":69,"column":4},"end":{"line":69,"column":null}},"31":{"start":{"line":71,"column":4},"end":{"line":71,"column":null}},"32":{"start":{"line":73,"column":4},"end":{"line":73,"column":null}},"33":{"start":{"line":75,"column":4},"end":{"line":75,"column":null}},"34":{"start":{"line":76,"column":4},"end":{"line":76,"column":null}},"35":{"start":{"line":86,"column":29},"end":{"line":108,"column":1}},"36":{"start":{"line":87,"column":18},"end":{"line":87,"column":67}},"37":{"start":{"line":89,"column":2},"end":{"line":105,"column":null}},"38":{"start":{"line":90,"column":20},"end":{"line":90,"column":48}},"39":{"start":{"line":92,"column":4},"end":{"line":104,"column":null}},"40":{"start":{"line":93,"column":6},"end":{"line":93,"column":null}},"41":{"start":{"line":94,"column":6},"end":{"line":94,"column":null}},"42":{"start":{"line":95,"column":11},"end":{"line":104,"column":null}},"43":{"start":{"line":96,"column":20},"end":{"line":96,"column":40}},"44":{"start":{"line":98,"column":6},"end":{"line":101,"column":null}},"45":{"start":{"line":103,"column":6},"end":{"line":103,"column":null}},"46":{"start":{"line":107,"column":2},"end":{"line":107,"column":null}},"47":{"start":{"line":110,"column":23},"end":{"line":121,"column":1}},"48":{"start":{"line":111,"column":1},"end":{"line":115,"column":null}},"49":{"start":{"line":112,"column":4},"end":{"line":112,"column":null}},"50":{"start":{"line":112,"column":19},"end":{"line":112,"column":null}},"51":{"start":{"line":114,"column":4},"end":{"line":114,"column":null}},"52":{"start":{"line":117,"column":18},"end":{"line":117,"column":67}},"53":{"start":{"line":119,"column":2},"end":{"line":120,"column":null}},"54":{"start":{"line":120,"column":4},"end":{"line":120,"column":null}},"55":{"start":{"line":120,"column":29},"end":{"line":120,"column":null}},"56":{"start":{"line":123,"column":21},"end":{"line":163,"column":1}},"57":{"start":{"line":124,"column":2},"end":{"line":124,"column":null}},"58":{"start":{"line":124,"column":33},"end":{"line":124,"column":null}},"59":{"start":{"line":125,"column":2},"end":{"line":125,"column":null}},"60":{"start":{"line":125,"column":32},"end":{"line":125,"column":null}},"61":{"start":{"line":127,"column":2},"end":{"line":127,"column":null}},"62":{"start":{"line":129,"column":2},"end":{"line":162,"column":null}},"63":{"start":{"line":130,"column":4},"end":{"line":130,"column":null}},"64":{"start":{"line":132,"column":18},"end":{"line":132,"column":38}},"65":{"start":{"line":134,"column":4},"end":{"line":134,"column":null}},"66":{"start":{"line":134,"column":25},"end":{"line":134,"column":null}},"67":{"start":{"line":136,"column":23},"end":{"line":136,"column":46}},"68":{"start":{"line":139,"column":6},"end":{"line":141,"column":36}},"69":{"start":{"line":143,"column":4},"end":{"line":143,"column":null}},"70":{"start":{"line":143,"column":18},"end":{"line":143,"column":null}},"71":{"start":{"line":145,"column":4},"end":{"line":145,"column":null}},"72":{"start":{"line":146,"column":4},"end":{"line":149,"column":null}},"73":{"start":{"line":151,"column":4},"end":{"line":151,"column":null}},"74":{"start":{"line":153,"column":4},"end":{"line":153,"column":null}},"75":{"start":{"line":155,"column":4},"end":{"line":155,"column":null}},"76":{"start":{"line":156,"column":4},"end":{"line":156,"column":null}},"77":{"start":{"line":157,"column":4},"end":{"line":157,"column":null}},"78":{"start":{"line":159,"column":4},"end":{"line":159,"column":null}},"79":{"start":{"line":161,"column":4},"end":{"line":161,"column":null}}},"fnMap":{"0":{"name":"(anonymous_0)","decl":{"start":{"line":31,"column":25},"end":{"line":31,"column":26}},"loc":{"start":{"line":31,"column":37},"end":{"line":31,"column":77}},"line":31},"1":{"name":"(anonymous_1)","decl":{"start":{"line":38,"column":27},"end":{"line":38,"column":28}},"loc":{"start":{"line":38,"column":39},"end":{"line":46,"column":1}},"line":38},"2":{"name":"(anonymous_2)","decl":{"start":{"line":48,"column":22},"end":{"line":48,"column":23}},"loc":{"start":{"line":48,"column":36},"end":{"line":59,"column":1}},"line":48},"3":{"name":"(anonymous_3)","decl":{"start":{"line":61,"column":19},"end":{"line":61,"column":24}},"loc":{"start":{"line":61,"column":39},"end":{"line":78,"column":1}},"line":61},"4":{"name":"(anonymous_4)","decl":{"start":{"line":86,"column":29},"end":{"line":86,"column":34}},"loc":{"start":{"line":86,"column":50},"end":{"line":108,"column":1}},"line":86},"5":{"name":"(anonymous_5)","decl":{"start":{"line":110,"column":23},"end":{"line":110,"column":28}},"loc":{"start":{"line":110,"column":44},"end":{"line":121,"column":1}},"line":110},"6":{"name":"(anonymous_6)","decl":{"start":{"line":111,"column":19},"end":{"line":111,"column":20}},"loc":{"start":{"line":111,"column":40},"end":{"line":115,"column":3}},"line":111},"7":{"name":"(anonymous_7)","decl":{"start":{"line":123,"column":21},"end":{"line":123,"column":26}},"loc":{"start":{"line":123,"column":41},"end":{"line":163,"column":1}},"line":123}},"branchMap":{"0":{"loc":{"start":{"line":39,"column":2},"end":{"line":45,"column":null}},"type":"if","locations":[{"start":{"line":39,"column":2},"end":{"line":45,"column":null}},{"start":{"line":45,"column":9},"end":{"line":45,"column":null}}],"line":39},"1":{"loc":{"start":{"line":42,"column":8},"end":{"line":42,"column":null}},"type":"if","locations":[{"start":{"line":42,"column":8},"end":{"line":42,"column":null}},{"start":{},"end":{}}],"line":42},"2":{"loc":{"start":{"line":50,"column":2},"end":{"line":50,"column":null}},"type":"if","locations":[{"start":{"line":50,"column":2},"end":{"line":50,"column":null}},{"start":{},"end":{}}],"line":50},"3":{"loc":{"start":{"line":52,"column":2},"end":{"line":56,"column":null}},"type":"if","locations":[{"start":{"line":52,"column":2},"end":{"line":56,"column":null}},{"start":{"line":56,"column":9},"end":{"line":56,"column":null}}],"line":52},"4":{"loc":{"start":{"line":67,"column":19},"end":{"line":67,"column":37}},"type":"binary-expr","locations":[{"start":{"line":67,"column":19},"end":{"line":67,"column":30}},{"start":{"line":67,"column":34},"end":{"line":67,"column":37}}],"line":67},"5":{"loc":{"start":{"line":92,"column":4},"end":{"line":104,"column":null}},"type":"if","locations":[{"start":{"line":92,"column":4},"end":{"line":104,"column":null}},{"start":{"line":95,"column":11},"end":{"line":104,"column":null}}],"line":92},"6":{"loc":{"start":{"line":95,"column":11},"end":{"line":104,"column":null}},"type":"if","locations":[{"start":{"line":95,"column":11},"end":{"line":104,"column":null}},{"start":{},"end":{}}],"line":95},"7":{"loc":{"start":{"line":95,"column":15},"end":{"line":95,"column":57}},"type":"binary-expr","locations":[{"start":{"line":95,"column":15},"end":{"line":95,"column":29}},{"start":{"line":95,"column":33},"end":{"line":95,"column":57}}],"line":95},"8":{"loc":{"start":{"line":112,"column":4},"end":{"line":112,"column":null}},"type":"if","locations":[{"start":{"line":112,"column":4},"end":{"line":112,"column":null}},{"start":{},"end":{}}],"line":112},"9":{"loc":{"start":{"line":120,"column":4},"end":{"line":120,"column":null}},"type":"if","locations":[{"start":{"line":120,"column":4},"end":{"line":120,"column":null}},{"start":{},"end":{}}],"line":120},"10":{"loc":{"start":{"line":124,"column":2},"end":{"line":124,"column":null}},"type":"if","locations":[{"start":{"line":124,"column":2},"end":{"line":124,"column":null}},{"start":{},"end":{}}],"line":124},"11":{"loc":{"start":{"line":125,"column":2},"end":{"line":125,"column":null}},"type":"if","locations":[{"start":{"line":125,"column":2},"end":{"line":125,"column":null}},{"start":{},"end":{}}],"line":125},"12":{"loc":{"start":{"line":134,"column":4},"end":{"line":134,"column":null}},"type":"if","locations":[{"start":{"line":134,"column":4},"end":{"line":134,"column":null}},{"start":{},"end":{}}],"line":134},"13":{"loc":{"start":{"line":139,"column":6},"end":{"line":141,"column":36}},"type":"binary-expr","locations":[{"start":{"line":139,"column":6},"end":{"line":139,"column":17}},{"start":{"line":140,"column":6},"end":{"line":140,"column":42}},{"start":{"line":141,"column":6},"end":{"line":141,"column":36}}],"line":139},"14":{"loc":{"start":{"line":143,"column":4},"end":{"line":143,"column":null}},"type":"if","locations":[{"start":{"line":143,"column":4},"end":{"line":143,"column":null}},{"start":{},"end":{}}],"line":143},"15":{"loc":{"start":{"line":153,"column":16},"end":{"line":153,"column":53}},"type":"cond-expr","locations":[{"start":{"line":153,"column":29},"end":{"line":153,"column":41}},{"start":{"line":153,"column":44},"end":{"line":153,"column":53}}],"line":153}},"s":{"0":1,"1":1,"2":1,"3":1,"4":1,"5":1,"6":0,"7":1,"8":0,"9":0,"10":0,"11":0,"12":0,"13":0,"14":0,"15":1,"16":0,"17":0,"18":0,"19":0,"20":0,"21":0,"22":0,"23":0,"24":0,"25":1,"26":0,"27":0,"28":0,"29":0,"30":0,"31":0,"32":0,"33":0,"34":0,"35":1,"36":0,"37":0,"38":0,"39":0,"40":0,"41":0,"42":0,"43":0,"44":0,"45":0,"46":0,"47":1,"48":0,"49":0,"50":0,"51":0,"52":0,"53":0,"54":0,"55":0,"56":1,"57":0,"58":0,"59":0,"60":0,"61":0,"62":0,"63":0,"64":0,"65":0,"66":0,"67":0,"68":0,"69":0,"70":0,"71":0,"72":0,"73":0,"74":0,"75":0,"76":0,"77":0,"78":0,"79":0},"f":{"0":0,"1":0,"2":0,"3":0,"4":0,"5":0,"6":0,"7":0},"b":{"0":[0,0],"1":[0,0],"2":[0,0],"3":[0,0],"4":[0,0],"5":[0,0],"6":[0,0],"7":[0,0],"8":[0,0],"9":[0,0],"10":[0,0],"11":[0,0],"12":[0,0],"13":[0,0,0],"14":[0,0],"15":[0,0]},"meta":{"lastBranch":16,"lastFunction":8,"lastStatement":80,"seen":{"s:13:25:13:34":0,"s:18:27:18:36":1,"s:23:28:23:37":2,"s:28:26:28:35":3,"s:29:19:29:28":4,"s:31:25:31:77":5,"f:31:25:31:26":0,"s:31:37:31:77":6,"s:38:27:46:1":7,"f:38:27:38:28":1,"b:39:2:45:Infinity:45:9:45:Infinity":0,"s:39:2:45:Infinity":8,"s:40:4:44:Infinity":9,"s:41:6:44:Infinity":10,"b:42:8:42:Infinity:undefined:undefined:undefined:undefined":1,"s:42:8:42:Infinity":11,"s:42:39:42:Infinity":12,"s:43:8:43:Infinity":13,"s:45:9:45:Infinity":14,"s:48:22:59:1":15,"f:48:22:48:23":2,"s:49:23:49:48":16,"b:50:2:50:Infinity:undefined:undefined:undefined:undefined":2,"s:50:2:50:Infinity":17,"s:50:21:50:Infinity":18,"b:52:2:56:Infinity:56:9:56:Infinity":3,"s:52:2:56:Infinity":19,"s:53:4:55:Infinity":20,"s:54:6:55:Infinity":21,"s:55:8:55:Infinity":22,"s:56:9:56:Infinity":23,"s:58:2:58:Infinity":24,"s:61:19:78:1":25,"f:61:19:61:24":3,"s:62:2:77:Infinity":26,"s:63:16:65:5":27,"s:66:16:66:38":28,"s:67:19:67:37":29,"b:67:19:67:30:67:34:67:37":4,"s:69:4:69:Infinity":30,"s:71:4:71:Infinity":31,"s:73:4:73:Infinity":32,"s:75:4:75:Infinity":33,"s:76:4:76:Infinity":34,"s:86:29:108:1":35,"f:86:29:86:34":4,"s:87:18:87:67":36,"s:89:2:105:Infinity":37,"s:90:20:90:48":38,"b:92:4:104:Infinity:95:11:104:Infinity":5,"s:92:4:104:Infinity":39,"s:93:6:93:Infinity":40,"s:94:6:94:Infinity":41,"b:95:11:104:Infinity:undefined:undefined:undefined:undefined":6,"s:95:11:104:Infinity":42,"b:95:15:95:29:95:33:95:57":7,"s:96:20:96:40":43,"s:98:6:101:Infinity":44,"s:103:6:103:Infinity":45,"s:107:2:107:Infinity":46,"s:110:23:121:1":47,"f:110:23:110:28":5,"s:111:1:115:Infinity":48,"f:111:19:111:20":6,"b:112:4:112:Infinity:undefined:undefined:undefined:undefined":8,"s:112:4:112:Infinity":49,"s:112:19:112:Infinity":50,"s:114:4:114:Infinity":51,"s:117:18:117:67":52,"s:119:2:120:Infinity":53,"b:120:4:120:Infinity:undefined:undefined:undefined:undefined":9,"s:120:4:120:Infinity":54,"s:120:29:120:Infinity":55,"s:123:21:163:1":56,"f:123:21:123:26":7,"b:124:2:124:Infinity:undefined:undefined:undefined:undefined":10,"s:124:2:124:Infinity":57,"s:124:33:124:Infinity":58,"b:125:2:125:Infinity:undefined:undefined:undefined:undefined":11,"s:125:2:125:Infinity":59,"s:125:32:125:Infinity":60,"s:127:2:127:Infinity":61,"s:129:2:162:Infinity":62,"s:130:4:130:Infinity":63,"s:132:18:132:38":64,"b:134:4:134:Infinity:undefined:undefined:undefined:undefined":12,"s:134:4:134:Infinity":65,"s:134:25:134:Infinity":66,"s:136:23:136:46":67,"s:139:6:141:36":68,"b:139:6:139:17:140:6:140:42:141:6:141:36":13,"b:143:4:143:Infinity:undefined:undefined:undefined:undefined":14,"s:143:4:143:Infinity":69,"s:143:18:143:Infinity":70,"s:145:4:145:Infinity":71,"s:146:4:149:Infinity":72,"s:151:4:151:Infinity":73,"s:153:4:153:Infinity":74,"b:153:29:153:41:153:44:153:53":15,"s:155:4:155:Infinity":75,"s:156:4:156:Infinity":76,"s:157:4:157:Infinity":77,"s:159:4:159:Infinity":78,"s:161:4:161:Infinity":79}}}
,"/app/src/scraper/igdl.js": {"path":"/app/src/scraper/igdl.js","statementMap":{"0":{"start":{"line":7,"column":2},"end":{"line":87,"column":null}},"1":{"start":{"line":8,"column":21},"end":{"line":19,"column":8}},"2":{"start":{"line":9,"column":23},"end":{"line":13,"column":7}},"3":{"start":{"line":14,"column":6},"end":{"line":17,"column":null}},"4":{"start":{"line":15,"column":22},"end":{"line":15,"column":40}},"5":{"start":{"line":16,"column":8},"end":{"line":16,"column":null}},"6":{"start":{"line":16,"column":31},"end":{"line":16,"column":null}},"7":{"start":{"line":18,"column":6},"end":{"line":18,"column":null}},"8":{"start":{"line":21,"column":4},"end":{"line":23,"column":null}},"9":{"start":{"line":22,"column":6},"end":{"line":22,"column":null}},"10":{"start":{"line":25,"column":21},"end":{"line":25,"column":42}},"11":{"start":{"line":26,"column":4},"end":{"line":26,"column":null}},"12":{"start":{"line":27,"column":4},"end":{"line":27,"column":null}},"13":{"start":{"line":28,"column":4},"end":{"line":28,"column":null}},"14":{"start":{"line":29,"column":4},"end":{"line":29,"column":null}},"15":{"start":{"line":30,"column":4},"end":{"line":30,"column":null}},"16":{"start":{"line":32,"column":21},"end":{"line":44,"column":6}},"17":{"start":{"line":46,"column":17},"end":{"line":46,"column":38}},"18":{"start":{"line":48,"column":26},"end":{"line":50,"column":5}},"19":{"start":{"line":51,"column":21},"end":{"line":51,"column":67}},"20":{"start":{"line":53,"column":23},"end":{"line":55,"column":5}},"21":{"start":{"line":56,"column":22},"end":{"line":56,"column":72}},"22":{"start":{"line":58,"column":23},"end":{"line":60,"column":5}},"23":{"start":{"line":62,"column":22},"end":{"line":62,"column":31}},"24":{"start":{"line":63,"column":4},"end":{"line":65,"column":null}},"25":{"start":{"line":64,"column":6},"end":{"line":64,"column":null}},"26":{"start":{"line":64,"column":20},"end":{"line":64,"column":null}},"27":{"start":{"line":67,"column":19},"end":{"line":70,"column":7}},"28":{"start":{"line":67,"column":55},"end":{"line":70,"column":5}},"29":{"start":{"line":72,"column":4},"end":{"line":81,"column":null}},"30":{"start":{"line":83,"column":4},"end":{"line":86,"column":null}}},"fnMap":{"0":{"name":"igdl","decl":{"start":{"line":6,"column":22},"end":{"line":6,"column":26}},"loc":{"start":{"line":6,"column":32},"end":{"line":88,"column":null}},"line":6},"1":{"name":"(anonymous_1)","decl":{"start":{"line":8,"column":22},"end":{"line":8,"column":23}},"loc":{"start":{"line":8,"column":28},"end":{"line":19,"column":5}},"line":8},"2":{"name":"(anonymous_2)","decl":{"start":{"line":67,"column":45},"end":{"line":67,"column":46}},"loc":{"start":{"line":67,"column":55},"end":{"line":70,"column":5}},"line":67}},"branchMap":{"0":{"loc":{"start":{"line":16,"column":8},"end":{"line":16,"column":null}},"type":"if","locations":[{"start":{"line":16,"column":8},"end":{"line":16,"column":null}},{"start":{},"end":{}}],"line":16},"1":{"loc":{"start":{"line":16,"column":12},"end":{"line":16,"column":29}},"type":"binary-expr","locations":[{"start":{"line":16,"column":12},"end":{"line":16,"column":17}},{"start":{"line":16,"column":21},"end":{"line":16,"column":29}}],"line":16},"2":{"loc":{"start":{"line":21,"column":4},"end":{"line":23,"column":null}},"type":"if","locations":[{"start":{"line":21,"column":4},"end":{"line":23,"column":null}},{"start":{},"end":{}}],"line":21},"3":{"loc":{"start":{"line":51,"column":21},"end":{"line":51,"column":67}},"type":"cond-expr","locations":[{"start":{"line":51,"column":37},"end":{"line":51,"column":60}},{"start":{"line":51,"column":63},"end":{"line":51,"column":67}}],"line":51},"4":{"loc":{"start":{"line":56,"column":22},"end":{"line":56,"column":72}},"type":"cond-expr","locations":[{"start":{"line":56,"column":35},"end":{"line":56,"column":65}},{"start":{"line":56,"column":68},"end":{"line":56,"column":72}}],"line":56},"5":{"loc":{"start":{"line":56,"column":35},"end":{"line":56,"column":65}},"type":"binary-expr","locations":[{"start":{"line":56,"column":35},"end":{"line":56,"column":48}},{"start":{"line":56,"column":52},"end":{"line":56,"column":65}}],"line":56},"6":{"loc":{"start":{"line":64,"column":6},"end":{"line":64,"column":null}},"type":"if","locations":[{"start":{"line":64,"column":6},"end":{"line":64,"column":null}},{"start":{},"end":{}}],"line":64},"7":{"loc":{"start":{"line":78,"column":18},"end":{"line":78,"column":58}},"type":"cond-expr","locations":[{"start":{"line":78,"column":38},"end":{"line":78,"column":51}},{"start":{"line":78,"column":54},"end":{"line":78,"column":58}}],"line":78},"8":{"loc":{"start":{"line":79,"column":24},"end":{"line":79,"column":64}},"type":"cond-expr","locations":[{"start":{"line":79,"column":44},"end":{"line":79,"column":57}},{"start":{"line":79,"column":60},"end":{"line":79,"column":64}}],"line":79}},"s":{"0":2,"1":2,"2":2,"3":2,"4":5,"5":5,"6":1,"7":1,"8":2,"9":1,"10":1,"11":1,"12":1,"13":1,"14":1,"15":1,"16":1,"17":1,"18":1,"19":1,"20":2,"21":2,"22":2,"23":2,"24":2,"25":0,"26":0,"27":1,"28":0,"29":1,"30":1},"f":{"0":2,"1":2,"2":0},"b":{"0":[1,4],"1":[5,1],"2":[1,1],"3":[0,1],"4":[0,1],"5":[0,0],"6":[0,0],"7":[0,1],"8":[0,1]},"meta":{"lastBranch":9,"lastFunction":3,"lastStatement":31,"seen":{"f:6:22:6:26":0,"s:7:2:87:Infinity":0,"s:8:21:19:8":1,"f:8:22:8:23":1,"s:9:23:13:7":2,"s:14:6:17:Infinity":3,"s:15:22:15:40":4,"b:16:8:16:Infinity:undefined:undefined:undefined:undefined":0,"s:16:8:16:Infinity":5,"b:16:12:16:17:16:21:16:29":1,"s:16:31:16:Infinity":6,"s:18:6:18:Infinity":7,"b:21:4:23:Infinity:undefined:undefined:undefined:undefined":2,"s:21:4:23:Infinity":8,"s:22:6:22:Infinity":9,"s:25:21:25:42":10,"s:26:4:26:Infinity":11,"s:27:4:27:Infinity":12,"s:28:4:28:Infinity":13,"s:29:4:29:Infinity":14,"s:30:4:30:Infinity":15,"s:32:21:44:6":16,"s:46:17:46:38":17,"s:48:26:50:5":18,"s:51:21:51:67":19,"b:51:37:51:60:51:63:51:67":3,"s:53:23:55:5":20,"s:56:22:56:72":21,"b:56:35:56:65:56:68:56:72":4,"b:56:35:56:48:56:52:56:65":5,"s:58:23:60:5":22,"s:62:22:62:31":23,"s:63:4:65:Infinity":24,"b:64:6:64:Infinity:undefined:undefined:undefined:undefined":6,"s:64:6:64:Infinity":25,"s:64:20:64:Infinity":26,"s:67:19:70:7":27,"f:67:45:67:46":2,"s:67:55:70:5":28,"s:72:4:81:Infinity":29,"b:78:38:78:51:78:54:78:58":7,"b:79:44:79:57:79:60:79:64":8,"s:83:4:86:Infinity":30}}}
}
